This is pdfTeX, Version 3.14159265-2.6-1.40.21 (TeX Live 2020) (preloaded format=pdflatex 2020.4.7)  28 MAY 2020 17:23
entering extended mode
 restricted \write18 enabled.
 file:line:error style messages enabled.
 %&-line parsing enabled.
**main.tex
(./main.tex
LaTeX2e <2020-02-02> patch level 5
L3 programming layer <2020-03-06> (./aastex63.cls
Document Class: aastex63 2019/06/03 Version 6.3/AAS markup document class
Class aastex Info: 
 
 Original \LaTeX2.09 style by Chris Biemesderfer (chris@seagoat.com). 
 Adapted to \LaTeXe by A. Ogawa (ogawa@teleport.com)
 emulateapj.cls included, Copyright 2000-2015 Alexey Vikhlinin 
 Rewrite and update of emulateapj.cls, revised and enhanced with table macros, 
gridlines, draft watermark,
 track changes, new `modern' style and much more, by Amy Hendrickson,
 (amyh@texnology.com, http://www.texnology.com) 
 
  on input line 104.
\bibbaselineskip=\skip47
(/usr/local/texlive/2020/texmf-dist/tex/latex/revtex/revtex4-1.cls
Document Class: revtex4-1 2010/07/25/20:33:00 4.1r (http://publish.aps.org/revt
ex4/ for documentation)
 Copyright (c) 2009 The American Physical Society.
 mailto:revtex@aps.org
 Licensed under the LPPL:
http://www.ctan.org/tex-archive/macros/latex/base/lppl.txt
 Arthur Ogawa <arthur_ogawa at sbcglobal dot net>
 Based on work by David Carlisle <david at dcarlisle.demon.co.uk>.
ltxutil[2010/07/25/20:33:00 4.1r utilities package (portions licensed from W. E
. Baxter web at superscript.com)]
LaTeX Info: Redefining \@centercr on input line 308.
Class revtex4-1 Info: Repairing broken LaTeX eqnarray on input line 358.
\eqncolsep=\skip48
Class revtex4-1 Info: Repairing hyperref-unfriendly LaTeX definition of \mpfoot
note on input line 433.
Class revtex4-1 Info: Repairing broken LateX \@sect on input line 755.
\intertabularlinepenalty=\count167
\@tbpen=\count168
\@arstrutbox@hline=\box45
Class revtex4-1 Info: Repairing broken LaTeX \@xbitor on input line 1786.
Class revtex4-1 Info: Making \typeout \long on input line 2046.
ltxfront[2010/07/25/20:33:00 4.1r frontmatter package (AO,DPC)]
\c@affil=\count169
\c@collab=\count170
\absbox=\box46
ltxgrid[2010/07/25/20:33:00 4.1r page grid package (portions licensed from W. E
. Baxter web at superscript.com)]
\c@linecount=\count171
\output@latex=\toks15
\box@size@1=\box47
\box@size@2=\box48
\@protection@box=\box49
\@topmark@saved=\toks16
\footins@saved=\box50
\footins@recovered=\box51
\column@recovered=\box52
\pagesofar=\box53
\footsofar=\box54
\pagegrid@col=\count172

Class revtex4-1 Warning: Failed to recognize \@vspace, \@vspacer, \@no@pgbk, \@
newline, and \\; no patches applied. Please get a more up-to-date class, .

\c@part=\count173
\c@section=\count174
\c@subsection=\count175
\c@subsubsection=\count176
\c@paragraph=\count177
\c@subparagraph=\count178
\abovecaptionskip=\skip49
\belowcaptionskip=\skip50
\c@figure=\count179
\fbox@1=\box55
\c@table=\count180
\fbox@2=\box56
\c@video=\count181
\fbox@4=\box57
\@bibdataout=\write3
\widetext@top=\box58
\widetext@bot=\box59
Class revtex4-1 Info: Selecting society aps on input line 7542.
(/usr/local/texlive/2020/texmf-dist/tex/latex/revtex/aps4-1.rtx
File: aps4-1 2010/07/25/20:33:00 4.1r (http://publish.aps.org/revtex4/ for docu
mentation)
Class revtex4-1 Info: RevTeX society APS selected on input line 31.
)
Class revtex4-1 Info: Selecting journal pra on input line 7544.
Class revtex4-1 Info: APS journal PRA selected on input line 7545.

(/usr/local/texlive/2020/texmf-dist/tex/latex/revtex/aps10pt4-1.rtx
File: aps10pt4-1 2010/07/25/20:33:00 4.1r (http://publish.aps.org/revtex4/ for 
documentation)
Class revtex4-1 Info: RevTeX pointsize 10pt selected on input line 30.
)
(/usr/local/texlive/2020/texmf-dist/tex/latex/textcase/textcase.sty
Package: textcase 2019/09/14 v1.00 Text only upper/lower case changing (DPC)
)
(/usr/local/texlive/2020/texmf-dist/tex/latex/url/url.sty
\Urlmuskip=\muskip16
Package: url 2013/09/16  ver 3.4  Verb mode for urls, etc.
)
(/usr/local/texlive/2020/texmf-dist/tex/latex/natbib/natbib.sty
Package: natbib 2010/09/13 8.31b (PWD, AO)
\bibhang=\skip51
\bibsep=\skip52
LaTeX Info: Redefining \cite on input line 694.
\c@NAT@ctr=\count182
)
Class revtex4-1 Info: Repairing natbib's \BibitemShut on input line 7549.

(/usr/local/texlive/2020/texmf-dist/tex/latex/revtex/revsymb4-1.sty
Package: revsymb4-1 2010/07/25/20:33:00 4.1r (http://publish.aps.org/revtex4/ f
or documentation)
LaTeX Info: Redefining \REV@mathfrak on input line 119.
))
(/usr/local/texlive/2020/texmf-dist/tex/latex/base/latexsym.sty
Package: latexsym 1998/08/17 v2.2e Standard LaTeX package (lasy symbols)
\symlasy=\mathgroup4
LaTeX Font Info:    Overwriting symbol font `lasy' in version `bold'
(Font)                  U/lasy/m/n --> U/lasy/b/n on input line 52.
)
(/usr/local/texlive/2020/texmf-dist/tex/latex/graphics/graphicx.sty
Package: graphicx 2019/11/30 v1.2a Enhanced LaTeX Graphics (DPC,SPQR)

(/usr/local/texlive/2020/texmf-dist/tex/latex/graphics/keyval.sty
Package: keyval 2014/10/28 v1.15 key=value parser (DPC)
\KV@toks@=\toks17
)
(/usr/local/texlive/2020/texmf-dist/tex/latex/graphics/graphics.sty
Package: graphics 2019/11/30 v1.4a Standard LaTeX Graphics (DPC,SPQR)

(/usr/local/texlive/2020/texmf-dist/tex/latex/graphics/trig.sty
Package: trig 2016/01/03 v1.10 sin cos tan (DPC)
)
(/usr/local/texlive/2020/texmf-dist/tex/latex/graphics-cfg/graphics.cfg
File: graphics.cfg 2016/06/04 v1.11 sample graphics configuration
)
Package graphics Info: Driver file: pdftex.def on input line 105.

(/usr/local/texlive/2020/texmf-dist/tex/latex/graphics-def/pdftex.def
File: pdftex.def 2018/01/08 v1.0l Graphics/color driver for pdftex
))
\Gin@req@height=\dimen134
\Gin@req@width=\dimen135
)
(/usr/local/texlive/2020/texmf-dist/tex/latex/amsfonts/amssymb.sty
Package: amssymb 2013/01/14 v3.01 AMS font symbols

(/usr/local/texlive/2020/texmf-dist/tex/latex/amsfonts/amsfonts.sty
Package: amsfonts 2013/01/14 v3.01 Basic AMSFonts support
\@emptytoks=\toks18
\symAMSa=\mathgroup5
\symAMSb=\mathgroup6
LaTeX Font Info:    Redeclaring math symbol \hbar on input line 98.
LaTeX Font Info:    Overwriting math alphabet `\mathfrak' in version `bold'
(Font)                  U/euf/m/n --> U/euf/b/n on input line 106.
LaTeX Info: Redefining \frak on input line 111.
LaTeX Info: Redefining \Bbb on input line 113.
))
(/usr/local/texlive/2020/texmf-dist/tex/generic/epsf/epsf.sty
This is `epsf.tex' v2.7.4 <14 February 2011>
\epsffilein=\read2
\epsfframemargin=\dimen136
\epsfframethickness=\dimen137
\epsfrsize=\dimen138
\epsftmp=\dimen139
\epsftsize=\dimen140
\epsfxsize=\dimen141
\epsfysize=\dimen142
\pspoints=\dimen143
)
\rptnum=\count183
\rptloopnum=\count184
\fncount=\count185
\endfncount=\count186
\c@front@matter@foot@note=\count187
\keys@width=\skip53
\c@lastfootnote=\count188
\tempsectnum=\count189
\ackbox=\box60
\c@remember@figure@num=\count190
\c@remember@table@num=\count191
\bibskip=\skip54
\bibindent=\dimen144
\plot@width=\skip55
\c@table@save=\count192
\@abovenoteskip=\dimen145
\table@note@skip=\skip56
\deluxe@table@width=\skip57
\@d@t@a=\skip58
\c@deluxe@table@num=\count193
\LTcapwidth=\dimen146
\abovedeluxetableskip=\skip59
\belowdeluxetableskip=\skip60
\lastrowheight=\dimen147
\DT@p@ftn=\toks19
\pt@column=\count194
\pt@ncol=\count195
 (/usr/local/texlive/2020/texmf-dist/tex/latex/tools/longtable.sty
Package: longtable 2020/01/07 v4.13 Multi-page Table package (DPC)
\LTleft=\skip61
\LTright=\skip62
\LTpre=\skip63
\LTpost=\skip64
\LTchunksize=\count196
\LTcapwidth=\dimen148
\LT@head=\box61
\LT@firsthead=\box62
\LT@foot=\box63
\LT@lastfoot=\box64
\LT@cols=\count197
\LT@rows=\count198
\c@LT@tables=\count199
\c@LT@chunks=\count266
\LT@p@ftn=\toks20
)
(/usr/local/texlive/2020/texmf-dist/tex/latex/xcolor/xcolor.sty
Package: xcolor 2016/05/11 v2.12 LaTeX color extensions (UK)

(/usr/local/texlive/2020/texmf-dist/tex/latex/graphics-cfg/color.cfg
File: color.cfg 2016/01/02 v1.6 sample color configuration
)
Package xcolor Info: Driver file: pdftex.def on input line 225.
Package xcolor Info: Model `cmy' substituted by `cmy0' on input line 1348.
Package xcolor Info: Model `hsb' substituted by `rgb' on input line 1352.
Package xcolor Info: Model `RGB' extended on input line 1364.
Package xcolor Info: Model `HTML' substituted by `rgb' on input line 1366.
Package xcolor Info: Model `Hsb' substituted by `hsb' on input line 1367.
Package xcolor Info: Model `tHsb' substituted by `hsb' on input line 1368.
Package xcolor Info: Model `HSB' substituted by `hsb' on input line 1369.
Package xcolor Info: Model `Gray' substituted by `gray' on input line 1370.
Package xcolor Info: Model `wave' substituted by `hsb' on input line 1371.
)
(/usr/local/texlive/2020/texmf-dist/tex/latex/hyperref/hyperref.sty
Package: hyperref 2020/01/14 v7.00d Hypertext links for LaTeX

(/usr/local/texlive/2020/texmf-dist/tex/generic/ltxcmds/ltxcmds.sty
Package: ltxcmds 2019/12/15 v1.24 LaTeX kernel commands for general use (HO)
)
(/usr/local/texlive/2020/texmf-dist/tex/generic/iftex/iftex.sty
Package: iftex 2020/03/06 v1.0d TeX engine tests
)
(/usr/local/texlive/2020/texmf-dist/tex/latex/pdftexcmds/pdftexcmds.sty
Package: pdftexcmds 2019/11/24 v0.31 Utility functions of pdfTeX for LuaTeX (HO
)

(/usr/local/texlive/2020/texmf-dist/tex/generic/infwarerr/infwarerr.sty
Package: infwarerr 2019/12/03 v1.5 Providing info/warning/error messages (HO)
)
Package pdftexcmds Info: \pdf@primitive is available.
Package pdftexcmds Info: \pdf@ifprimitive is available.
Package pdftexcmds Info: \pdfdraftmode found.
)
(/usr/local/texlive/2020/texmf-dist/tex/generic/kvsetkeys/kvsetkeys.sty
Package: kvsetkeys 2019/12/15 v1.18 Key value parser (HO)
)
(/usr/local/texlive/2020/texmf-dist/tex/generic/kvdefinekeys/kvdefinekeys.sty
Package: kvdefinekeys 2019-12-19 v1.6 Define keys (HO)
)
(/usr/local/texlive/2020/texmf-dist/tex/generic/pdfescape/pdfescape.sty
Package: pdfescape 2019/12/09 v1.15 Implements pdfTeX's escape features (HO)
)
(/usr/local/texlive/2020/texmf-dist/tex/latex/hycolor/hycolor.sty
Package: hycolor 2020-01-27 v1.10 Color options for hyperref/bookmark (HO)
)
(/usr/local/texlive/2020/texmf-dist/tex/latex/letltxmacro/letltxmacro.sty
Package: letltxmacro 2019/12/03 v1.6 Let assignment for LaTeX macros (HO)
)
(/usr/local/texlive/2020/texmf-dist/tex/latex/auxhook/auxhook.sty
Package: auxhook 2019-12-17 v1.6 Hooks for auxiliary files (HO)
)
(/usr/local/texlive/2020/texmf-dist/tex/latex/kvoptions/kvoptions.sty
Package: kvoptions 2019/11/29 v3.13 Key value format for package options (HO)
)
\@linkdim=\dimen149
\Hy@linkcounter=\count267
\Hy@pagecounter=\count268

(/usr/local/texlive/2020/texmf-dist/tex/latex/hyperref/pd1enc.def
File: pd1enc.def 2020/01/14 v7.00d Hyperref: PDFDocEncoding definition (HO)
Now handling font encoding PD1 ...
... no UTF-8 mapping file for font encoding PD1
)
(/usr/local/texlive/2020/texmf-dist/tex/generic/intcalc/intcalc.sty
Package: intcalc 2019/12/15 v1.3 Expandable calculations with integers (HO)
)
(/usr/local/texlive/2020/texmf-dist/tex/generic/etexcmds/etexcmds.sty
Package: etexcmds 2019/12/15 v1.7 Avoid name clashes with e-TeX commands (HO)
)
\Hy@SavedSpaceFactor=\count269
Package hyperref Info: Option `bookmarks' set `true' on input line 4421.
Package hyperref Info: Option `pdfnewwindow' set `true' on input line 4421.
Package hyperref Info: Option `colorlinks' set `true' on input line 4421.
Package hyperref Info: Option `final' set `true' on input line 4421.
Package hyperref Info: Hyper figures OFF on input line 4547.
Package hyperref Info: Link nesting OFF on input line 4552.
Package hyperref Info: Hyper index ON on input line 4555.
Package hyperref Info: Plain pages OFF on input line 4562.
Package hyperref Info: Backreferencing OFF on input line 4567.
Package hyperref Info: Implicit mode ON; LaTeX internals redefined.
Package hyperref Info: Bookmarks ON on input line 4800.
LaTeX Info: Redefining \href on input line 5070.
\c@Hy@tempcnt=\count270
LaTeX Info: Redefining \url on input line 5159.
\XeTeXLinkMargin=\dimen150

(/usr/local/texlive/2020/texmf-dist/tex/generic/bitset/bitset.sty
Package: bitset 2019/12/09 v1.3 Handle bit-vector datatype (HO)

(/usr/local/texlive/2020/texmf-dist/tex/generic/bigintcalc/bigintcalc.sty
Package: bigintcalc 2019/12/15 v1.5 Expandable calculations on big integers (HO
)
))
\Fld@menulength=\count271
\Field@Width=\dimen151
\Fld@charsize=\dimen152
Package hyperref Info: Hyper figures OFF on input line 6430.
Package hyperref Info: Link nesting OFF on input line 6435.
Package hyperref Info: Hyper index ON on input line 6438.
Package hyperref Info: backreferencing OFF on input line 6445.
Package hyperref Info: Link coloring ON on input line 6448.
Package hyperref Info: Link coloring with OCG OFF on input line 6455.
Package hyperref Info: PDF/A mode OFF on input line 6460.
LaTeX Info: Redefining \ref on input line 6500.
LaTeX Info: Redefining \pageref on input line 6504.

(/usr/local/texlive/2020/texmf-dist/tex/generic/atbegshi/atbegshi.sty
Package: atbegshi 2019/12/05 v1.19 At begin shipout hook (HO)
)
\Hy@abspage=\count272
\c@Item=\count273
\c@Hfootnote=\count274
)
Package hyperref Info: Driver (autodetected): hpdftex.

(/usr/local/texlive/2020/texmf-dist/tex/latex/hyperref/hpdftex.def
File: hpdftex.def 2020/01/14 v7.00d Hyperref driver for pdfTeX

(/usr/local/texlive/2020/texmf-dist/tex/latex/atveryend/atveryend.sty
Package: atveryend 2019-12-11 v1.11 Hooks at the very end of document (HO)
)
\Fld@listcount=\count275
\c@bookmark@seq@number=\count276

(/usr/local/texlive/2020/texmf-dist/tex/latex/rerunfilecheck/rerunfilecheck.sty
Package: rerunfilecheck 2019/12/05 v1.9 Rerun checks for auxiliary files (HO)

(/usr/local/texlive/2020/texmf-dist/tex/generic/uniquecounter/uniquecounter.sty
Package: uniquecounter 2019/12/15 v1.4 Provide unlimited unique counter (HO)
)
Package uniquecounter Info: New unique counter `rerunfilecheck' on input line 2
86.
)
\Hy@SectionHShift=\skip65
) (/usr/local/texlive/2020/texmf-dist/tex/latex/tools/array.sty
Package: array 2019/08/31 v2.4l Tabular extension package (FMi)
\col@sep=\dimen153
\ar@mcellbox=\box65
\extrarowheight=\dimen154
\NC@list=\toks21
\extratabsurround=\skip66
\backup@length=\skip67
\ar@cellbox=\box66
)
\colcount=\count277
\firstcolcount=\count278
\secondcolcount=\count279
\thirdcolcount=\count280
\columncount=\count281
\howmanyDs=\count282
\firsthowmanyDs=\count283
\secondhowmanyDs=\count284
\PartsOfTable=\count285
\columnoneandtwo=\count286
\colnumsused=\count287
\loopnum=\count288
\totalcolumncount=\count289
\totalcolumns=\count290
\firsttablebox=\box67
\secondtablebox=\box68
\thirdtablebox=\box69
\longtablebox=\box70
\splitbox=\box71
\movetabledown=\dimen155
\maxtablewidth=\dimen156
\savetabskip=\dimen157
\tempcounter=\count291
\colheadcount=\count292
\rotatetablebox=\box72
\colorcount=\count293
\refchangenumber=\count294
\listchangenum=\count295

(/usr/local/texlive/2020/texmf-dist/tex/generic/ulem/ulem.sty
\UL@box=\box73
\UL@hyphenbox=\box74
\UL@skip=\skip68
\UL@hook=\toks22
\UL@height=\dimen158
\UL@pe=\count296
\UL@pixel=\dimen159
\ULC@box=\box75
Package: ulem 2019/11/18
\ULdepth=\dimen160
)
\entriesinthiscollab=\count297
\allentries=\count298
\AuthorCollaborationLimit=\count299
\largestAffilNum=\count300
\totalentries=\count301
\docollabnum=\count302
\tempauthornumber=\count303
\countauthors=\count304
\testnum=\count305
\tempauthorminusone=\count306
\affilnum=\count307
\c@affilcount=\count308
\numauthors=\count309
\collabnum=\count310
\collabnamebox=\box76
\widetext@top=\box77
\widetext@bot=\box78
\movetableright=\dimen161
)
(/usr/local/texlive/2020/texmf-dist/tex/latex/appendix/appendix.sty
Package: appendix 2020/02/08 v1.2c extra appendix facilities
\c@@pps=\count311
\c@@ppsavesec=\count312
\c@@ppsaveapp=\count313
)
(/usr/local/texlive/2020/texmf-dist/tex/latex/savesym/savesym.sty
Package: savesym 2013/09/02 v1.2 Saves and restores symbols (JG)
)
(/usr/local/texlive/2020/texmf-dist/tex/latex/morefloats/morefloats.sty
Package: morefloats 2015/07/22 v1.0h Raise limit of unprocessed floats (HMM)
Package morefloats Info: Maximum number of possible floats asked for: 36
(morefloats)             (i.e. 18 more floats).
(morefloats)             LaTeX might run out of memory before this
(morefloats)             (in which case it will notify you).
)
(/usr/local/texlive/2020/texmf-dist/tex/latex/subfigure/subfigure.sty
Package: subfigure 2002/03/15 v2.1.5 subfigure package
\subfigtopskip=\skip69
\subfigcapskip=\skip70
\subfigcaptopadj=\dimen162
\subfigbottomskip=\skip71
\subfigcapmargin=\dimen163
\subfiglabelskip=\skip72
\c@subfigure=\count314
\c@lofdepth=\count315
\c@subtable=\count316
\c@lotdepth=\count317

****************************************
* Local config file subfigure.cfg used *
****************************************
(/usr/local/texlive/2020/texmf-dist/tex/latex/subfigure/subfigure.cfg)
\subfig@top=\skip73
\subfig@bottom=\skip74
)
Class revtex4-1 Info: Unrecognized array package. Please update this document c
lass! (Proceeding with fingers crossed.) on input line 177.
Class revtex4-1 Info: Patching unrecognized longtable package. (Proceeding with
 fingers crossed) on input line 177.
Class revtex4-1 Info: cite was not loaded (OK!) on input line 177.
Class revtex4-1 Info: mcite was not loaded (OK!) on input line 177.
Class revtex4-1 Info: multicol was not loaded (OK!) on input line 177.

(/usr/local/texlive/2020/texmf-dist/tex/latex/l3backend/l3backend-pdfmode.def
File: l3backend-pdfmode.def 2020-03-12 L3 backend support: PDF mode
\l__kernel_color_stack_int=\count318
\l__pdf_internal_box=\box79
)
(./main.aux)
\openout1 = `main.aux'.

LaTeX Font Info:    Checking defaults for OML/cmm/m/it on input line 177.
LaTeX Font Info:    ... okay on input line 177.
LaTeX Font Info:    Checking defaults for OMS/cmsy/m/n on input line 177.
LaTeX Font Info:    ... okay on input line 177.
LaTeX Font Info:    Checking defaults for OT1/cmr/m/n on input line 177.
LaTeX Font Info:    ... okay on input line 177.
LaTeX Font Info:    Checking defaults for T1/cmr/m/n on input line 177.
LaTeX Font Info:    ... okay on input line 177.
LaTeX Font Info:    Checking defaults for TS1/cmr/m/n on input line 177.
LaTeX Font Info:    ... okay on input line 177.
LaTeX Font Info:    Checking defaults for OMX/cmex/m/n on input line 177.
LaTeX Font Info:    ... okay on input line 177.
LaTeX Font Info:    Checking defaults for U/cmr/m/n on input line 177.
LaTeX Font Info:    ... okay on input line 177.
LaTeX Font Info:    Checking defaults for PD1/pdf/m/n on input line 177.
LaTeX Font Info:    ... okay on input line 177.

(/usr/local/texlive/2020/texmf-dist/tex/context/base/mkii/supp-pdf.mkii
[Loading MPS to PDF converter (version 2006.09.02).]
\scratchcounter=\count319
\scratchdimen=\dimen164
\scratchbox=\box80
\nofMPsegments=\count320
\nofMParguments=\count321
\everyMPshowfont=\toks23
\MPscratchCnt=\count322
\MPscratchDim=\dimen165
\MPnumerator=\count323
\makeMPintoPDFobject=\count324
\everyMPtoPDFconversion=\toks24
) (/usr/local/texlive/2020/texmf-dist/tex/latex/epstopdf-pkg/epstopdf-base.sty
Package: epstopdf-base 2020-01-24 v2.11 Base part for package epstopdf
Package epstopdf-base Info: Redefining graphics rule for `.eps' on input line 4
85.

(/usr/local/texlive/2020/texmf-dist/tex/latex/latexconfig/epstopdf-sys.cfg
File: epstopdf-sys.cfg 2010/07/13 v1.3 Configuration of (r)epstopdf for TeX Liv
e
))
\AtBeginShipoutBox=\box81
Package hyperref Info: Link coloring ON on input line 177.

(/usr/local/texlive/2020/texmf-dist/tex/latex/hyperref/nameref.sty
Package: nameref 2019/09/16 v2.46 Cross-referencing by name of section

(/usr/local/texlive/2020/texmf-dist/tex/latex/refcount/refcount.sty
Package: refcount 2019/12/15 v3.6 Data extraction from label references (HO)
)
(/usr/local/texlive/2020/texmf-dist/tex/generic/gettitlestring/gettitlestring.s
ty
Package: gettitlestring 2019/12/15 v1.6 Cleanup title references (HO)
)
\c@section@level=\count325
)
LaTeX Info: Redefining \ref on input line 177.
LaTeX Info: Redefining \pageref on input line 177.
LaTeX Info: Redefining \nameref on input line 177.
 (./main.out) (./main.out)
\@outlinefile=\write4
\openout4 = `main.out'.

LaTeX Font Info:    Trying to load font information for U+lasy on input line 23
3.

(/usr/local/texlive/2020/texmf-dist/tex/latex/base/ulasy.fd
File: ulasy.fd 1998/08/17 v2.2e LaTeX symbol font definitions
)
LaTeX Font Info:    Trying to load font information for U+msa on input line 233
.

(/usr/local/texlive/2020/texmf-dist/tex/latex/amsfonts/umsa.fd
File: umsa.fd 2013/01/14 v3.01 AMS symbols A
)
LaTeX Font Info:    Trying to load font information for U+msb on input line 233
.

(/usr/local/texlive/2020/texmf-dist/tex/latex/amsfonts/umsb.fd
File: umsb.fd 2013/01/14 v3.01 AMS symbols B
)

Package natbib Warning: Citation `2011AJ....142...52P' on page 1 undefined on i
nput line 274.


Package natbib Warning: Citation `2017PASP..129f5003W' on page 1 undefined on i
nput line 274.


Package natbib Warning: Citation `2019AAS...23336317P' on page 1 undefined on i
nput line 274.


Package natbib Warning: Citation `2008A&A...477..165P' on page 1 undefined on i
nput line 277.


Package natbib Warning: Citation `2004A&A...414..163S' on page 1 undefined on i
nput line 277.


Package natbib Warning: Citation `2006AJ....131.1559V' on page 1 undefined on i
nput line 277.


Package natbib Warning: Citation `1995MNRAS.275..828M' on page 1 undefined on i
nput line 277.


Package natbib Warning: Citation `1996AJ....112.1487H' on page 1 undefined on i
nput line 277.


Package natbib Warning: Citation `2015ApJ...808L..25G' on page 1 undefined on i
nput line 280.


LaTeX Warning: Reference `eq: hs-boundary' on page 1 undefined on input line 28
0.


Package natbib Warning: Citation `2018PhDT........74B' on page 1 undefined on i
nput line 280.


Package natbib Warning: Citation `2016ascl.soft03016M' on page 1 undefined on i
nput line 280.


Package natbib Warning: Citation `2015ApJ...812...18V' on page 1 undefined on i
nput line 280.

[1{/usr/local/texlive/2020/texmf-var/fonts/map/pdftex/updmap/pdftex.map}]

Package natbib Warning: Citation `2017MNRAS.470.1894K' on page 2 undefined on i
nput line 283.


Package natbib Warning: Citation `2017MNRAS.470.1894K' on page 2 undefined on i
nput line 283.


LaTeX Warning: Reference `sec:Methods' on page 2 undefined on input line 286.


LaTeX Warning: Reference `sec:Results' on page 2 undefined on input line 286.


LaTeX Warning: Reference `sec:Conclusion' on page 2 undefined on input line 286
.


LaTeX Warning: Reference `app:Appendix A' on page 2 undefined on input line 287
.


Package natbib Warning: Citation `1996AJ....112.1487H' on page 2 undefined on i
nput line 297.


Package natbib Warning: Citation `1995MNRAS.275..828M' on page 2 undefined on i
nput line 297.


Package natbib Warning: Citation `2013A&A...558A..53K' on page 2 undefined on i
nput line 297.


Package natbib Warning: Citation `2004A&A...414..163S' on page 2 undefined on i
nput line 297.


Package natbib Warning: Citation `2008A&A...477..165P' on page 2 undefined on i
nput line 297.


Overfull \hbox (10.88353pt too wide) in paragraph at lines 301--301
[][]| [] [][][]| 
 []


LaTeX Warning: Reference `fig:cluster_mollweide' on page 2 undefined on input l
ine 301.


LaTeX Warning: Reference `fig:baseline_mollweide' on page 2 undefined on input 
line 301.

<figures/mollweides/clusters-opsim-mollweide.pdf, id=28, 510.29195pt x 276.2727
8pt>
File: figures/mollweides/clusters-opsim-mollweide.pdf Graphic file (type pdf)
<use figures/mollweides/clusters-opsim-mollweide.pdf>
Package pdftex.def Info: figures/mollweides/clusters-opsim-mollweide.pdf  used 
on input line 307.
(pdftex.def)             Requested size: 205.24384pt x 111.11841pt.
<figures/mollweides/baseline-Nobs-mollweide.pdf, id=29, 495.01778pt x 302.40166
pt>
File: figures/mollweides/baseline-Nobs-mollweide.pdf Graphic file (type pdf)
<use figures/mollweides/baseline-Nobs-mollweide.pdf>
Package pdftex.def Info: figures/mollweides/baseline-Nobs-mollweide.pdf  used o
n input line 315.
(pdftex.def)             Requested size: 205.24384pt x 125.37898pt.
<figures/mollweides/colossus-Nobs-mollweide.pdf, id=30, 495.01778pt x 302.40166
pt>
File: figures/mollweides/colossus-Nobs-mollweide.pdf Graphic file (type pdf)
<use figures/mollweides/colossus-Nobs-mollweide.pdf>
Package pdftex.def Info: figures/mollweides/colossus-Nobs-mollweide.pdf  used o
n input line 317.
(pdftex.def)             Requested size: 205.24384pt x 125.37898pt.

LaTeX Warning: Reference `fig:cluster_mollweide' on page 2 undefined on input l
ine 319.


LaTeX Warning: Reference `fig:cluster_mollweide' on page 2 undefined on input l
ine 319.

[2 <./figures/mollweides/clusters-opsim-mollweide.pdf> <./figures/mollweides/ba
seline-Nobs-mollweide.pdf

pdfTeX warning: /Library/TeX/texbin/pdflatex (file ./figures/mollweides/baselin
e-Nobs-mollweide.pdf): PDF inclusion: multiple pdfs with page group included in
 a single page
> <./figures/mollweides/colossus-Nobs-mollweide.pdf

pdfTeX warning: /Library/TeX/texbin/pdflatex (file ./figures/mollweides/colossu
s-Nobs-mollweide.pdf): PDF inclusion: multiple pdfs with page group included in
 a single page
>]

LaTeX Warning: Reference `fig:cluster_mollweide' on page 3 undefined on input l
ine 329.


Package natbib Warning: Citation `2018PhDT........74B' on page 3 undefined on i
nput line 335.


Package natbib Warning: Citation `2015ApJ...808L..25G' on page 3 undefined on i
nput line 337.


Package natbib Warning: Citation `1996AJ....112.1487H' on page 3 undefined on i
nput line 344.


LaTeX Warning: Reference `eq: hs-boundary' on page 3 undefined on input line 34
4.


Overfull \hbox (10.88353pt too wide) in paragraph at lines 344--344
[][]| [] [][][]| 
 []


Package natbib Warning: Citation `1911MNRAS..71..460P' on page 3 undefined on i
nput line 344.


Package natbib Warning: Citation `1911MNRAS..71..460P' on page 3 undefined on i
nput line 352.


LaTeX Warning: Reference `eq:plummer-sigma model' on page 3 undefined on input 
line 352.


Package natbib Warning: Citation `2016ascl.soft03016M' on page 3 undefined on i
nput line 376.


LaTeX Warning: Reference `fig:light3curve' on page 3 undefined on input line 37
9.


Package natbib Warning: Citation `2016ascl.soft10007V' on page 3 undefined on i
nput line 381.


Package natbib Warning: Citation `2015ApJ...812...18V' on page 3 undefined on i
nput line 381.

[3]
<figures/light-curve-sample576.pdf, id=175, 390.73793pt x 266.68005pt>
File: figures/light-curve-sample576.pdf Graphic file (type pdf)
<use figures/light-curve-sample576.pdf>
Package pdftex.def Info: figures/light-curve-sample576.pdf  used on input line 
386.
(pdftex.def)             Requested size: 246.29417pt x 168.09477pt.

Overfull \hbox (4.02765pt too wide) in paragraph at lines 386--387
 [][] 
 []


LaTeX Warning: Reference `tab:crowding-table' on page 4 undefined on input line
 391.


LaTeX Warning: No positions in optional float specifier.
               Default added (so using `tbp') on input line 394.


LaTeX Warning: Reference `subsec:ellc' on page 4 undefined on input line 413.


Overfull \hbox (10.88353pt too wide) in paragraph at lines 427--427
[][]| [] [][][]| 
 []

[4 <./figures/light-curve-sample576.pdf>]

Package natbib Warning: Citation `2017MNRAS.470.1894K' on page 5 undefined on i
nput line 436.


Overfull \hbox (10.88353pt too wide) in paragraph at lines 436--436
[][]| [] [][][]| 
 []


Package natbib Warning: Citation `2017MNRAS.470.1894K' on page 5 undefined on i
nput line 436.


Overfull \hbox (10.88353pt too wide) in paragraph at lines 442--442
[][]| [] [][][]| 
 []

<figures/popPlots/GlobularClusters/baseCrowd/EBLSST_lphist.pdf, id=226, 344.062
52pt x 499.89574pt>
File: figures/popPlots/GlobularClusters/baseCrowd/EBLSST_lphist.pdf Graphic fil
e (type pdf)
<use figures/popPlots/GlobularClusters/baseCrowd/EBLSST_lphist.pdf>
Package pdftex.def Info: figures/popPlots/GlobularClusters/baseCrowd/EBLSST_lph
ist.pdf  used on input line 450.
(pdftex.def)             Requested size: 153.93678pt x 223.6619pt.
<figures/popPlots/GlobularClusters/baseCrowd/EBLSST_rhist.pdf, id=227, 342.8527
7pt x 499.44217pt>
File: figures/popPlots/GlobularClusters/baseCrowd/EBLSST_rhist.pdf Graphic file
 (type pdf)
<use figures/popPlots/GlobularClusters/baseCrowd/EBLSST_rhist.pdf>
Package pdftex.def Info: figures/popPlots/GlobularClusters/baseCrowd/EBLSST_rhi
st.pdf  used on input line 452.
(pdftex.def)             Requested size: 153.93678pt x 224.24391pt.
<figures/popPlots/GlobularClusters/baseCrowd/EBLSST_qhist.pdf, id=228, 342.8527
7pt x 499.44217pt>
File: figures/popPlots/GlobularClusters/baseCrowd/EBLSST_qhist.pdf Graphic file
 (type pdf)
<use figures/popPlots/GlobularClusters/baseCrowd/EBLSST_qhist.pdf>
Package pdftex.def Info: figures/popPlots/GlobularClusters/baseCrowd/EBLSST_qhi
st.pdf  used on input line 454.
(pdftex.def)             Requested size: 153.93678pt x 224.24391pt.
<figures/popPlots/GlobularClusters/baseCrowd/EBLSST_m1hist.pdf, id=229, 342.852
77pt x 499.44217pt>
File: figures/popPlots/GlobularClusters/baseCrowd/EBLSST_m1hist.pdf Graphic fil
e (type pdf)
<use figures/popPlots/GlobularClusters/baseCrowd/EBLSST_m1hist.pdf>
Package pdftex.def Info: figures/popPlots/GlobularClusters/baseCrowd/EBLSST_m1h
ist.pdf  used on input line 456.
(pdftex.def)             Requested size: 153.93678pt x 224.24391pt.
<figures/popPlots/GlobularClusters/baseCrowd/EBLSST_dhist.pdf, id=230, 342.8527
7pt x 499.44217pt>
File: figures/popPlots/GlobularClusters/baseCrowd/EBLSST_dhist.pdf Graphic file
 (type pdf)
<use figures/popPlots/GlobularClusters/baseCrowd/EBLSST_dhist.pdf>
Package pdftex.def Info: figures/popPlots/GlobularClusters/baseCrowd/EBLSST_dhi
st.pdf  used on input line 458.
(pdftex.def)             Requested size: 153.93678pt x 224.24391pt.
<figures/popPlots/GlobularClusters/baseCrowd/EBLSST_maghist.pdf, id=231, 342.85
277pt x 499.44217pt>
File: figures/popPlots/GlobularClusters/baseCrowd/EBLSST_maghist.pdf Graphic fi
le (type pdf)
<use figures/popPlots/GlobularClusters/baseCrowd/EBLSST_maghist.pdf>
Package pdftex.def Info: figures/popPlots/GlobularClusters/baseCrowd/EBLSST_mag
hist.pdf  used on input line 460.
(pdftex.def)             Requested size: 153.93678pt x 224.24391pt.
<figures/popPlots/GlobularClusters/baseCrowd/EBLSST_ehist.pdf, id=232, 342.8527
7pt x 499.44217pt>
File: figures/popPlots/GlobularClusters/baseCrowd/EBLSST_ehist.pdf Graphic file
 (type pdf)
<use figures/popPlots/GlobularClusters/baseCrowd/EBLSST_ehist.pdf>
Package pdftex.def Info: figures/popPlots/GlobularClusters/baseCrowd/EBLSST_ehi
st.pdf  used on input line 462.
(pdftex.def)             Requested size: 153.93678pt x 224.24391pt.

LaTeX Warning: Float too large for page by 61.66284pt on input line 466.

<figures/popPlots/GlobularClusters/colCrowd/EBLSST_lphist.pdf, id=233, 344.0625
2pt x 499.86864pt>
File: figures/popPlots/GlobularClusters/colCrowd/EBLSST_lphist.pdf Graphic file
 (type pdf)
<use figures/popPlots/GlobularClusters/colCrowd/EBLSST_lphist.pdf>
Package pdftex.def Info: figures/popPlots/GlobularClusters/colCrowd/EBLSST_lphi
st.pdf  used on input line 474.
(pdftex.def)             Requested size: 153.93678pt x 223.64978pt.
<figures/popPlots/GlobularClusters/colCrowd/EBLSST_rhist.pdf, id=234, 342.85277
pt x 499.44217pt>
File: figures/popPlots/GlobularClusters/colCrowd/EBLSST_rhist.pdf Graphic file 
(type pdf)
<use figures/popPlots/GlobularClusters/colCrowd/EBLSST_rhist.pdf>
Package pdftex.def Info: figures/popPlots/GlobularClusters/colCrowd/EBLSST_rhis
t.pdf  used on input line 476.
(pdftex.def)             Requested size: 153.93678pt x 224.24391pt.
<figures/popPlots/GlobularClusters/colCrowd/EBLSST_qhist.pdf, id=235, 342.85277
pt x 499.44217pt>
File: figures/popPlots/GlobularClusters/colCrowd/EBLSST_qhist.pdf Graphic file 
(type pdf)
<use figures/popPlots/GlobularClusters/colCrowd/EBLSST_qhist.pdf>
Package pdftex.def Info: figures/popPlots/GlobularClusters/colCrowd/EBLSST_qhis
t.pdf  used on input line 478.
(pdftex.def)             Requested size: 153.93678pt x 224.24391pt.
<figures/popPlots/GlobularClusters/colCrowd/EBLSST_m1hist.pdf, id=236, 342.8527
7pt x 499.44217pt>
File: figures/popPlots/GlobularClusters/colCrowd/EBLSST_m1hist.pdf Graphic file
 (type pdf)
<use figures/popPlots/GlobularClusters/colCrowd/EBLSST_m1hist.pdf>
Package pdftex.def Info: figures/popPlots/GlobularClusters/colCrowd/EBLSST_m1hi
st.pdf  used on input line 480.
(pdftex.def)             Requested size: 153.93678pt x 224.24391pt.
<figures/popPlots/GlobularClusters/colCrowd/EBLSST_dhist.pdf, id=237, 342.85277
pt x 499.44217pt>
File: figures/popPlots/GlobularClusters/colCrowd/EBLSST_dhist.pdf Graphic file 
(type pdf)
<use figures/popPlots/GlobularClusters/colCrowd/EBLSST_dhist.pdf>
Package pdftex.def Info: figures/popPlots/GlobularClusters/colCrowd/EBLSST_dhis
t.pdf  used on input line 482.
(pdftex.def)             Requested size: 153.93678pt x 224.24391pt.
<figures/popPlots/GlobularClusters/colCrowd/EBLSST_maghist.pdf, id=238, 342.852
77pt x 499.44217pt>
File: figures/popPlots/GlobularClusters/colCrowd/EBLSST_maghist.pdf Graphic fil
e (type pdf)
<use figures/popPlots/GlobularClusters/colCrowd/EBLSST_maghist.pdf>
Package pdftex.def Info: figures/popPlots/GlobularClusters/colCrowd/EBLSST_magh
ist.pdf  used on input line 484.
(pdftex.def)             Requested size: 153.93678pt x 224.24391pt.
<figures/popPlots/GlobularClusters/colCrowd/EBLSST_ehist.pdf, id=239, 342.85277
pt x 499.44217pt>
File: figures/popPlots/GlobularClusters/colCrowd/EBLSST_ehist.pdf Graphic file 
(type pdf)
<use figures/popPlots/GlobularClusters/colCrowd/EBLSST_ehist.pdf>
Package pdftex.def Info: figures/popPlots/GlobularClusters/colCrowd/EBLSST_ehis
t.pdf  used on input line 486.
(pdftex.def)             Requested size: 153.93678pt x 224.24391pt.

LaTeX Warning: Reference `fig:gbc-hists' on page 5 undefined on input line 488.



LaTeX Warning: Reference `fig:gbc-hists' on page 5 undefined on input line 488.



LaTeX Warning: Float too large for page by 50.16284pt on input line 490.

<figures/popPlots/OpenClusters/baseCrowd/EBLSST_lphist.pdf, id=240, 344.06252pt
 x 499.44217pt>
File: figures/popPlots/OpenClusters/baseCrowd/EBLSST_lphist.pdf Graphic file (t
ype pdf)
<use figures/popPlots/OpenClusters/baseCrowd/EBLSST_lphist.pdf>
Package pdftex.def Info: figures/popPlots/OpenClusters/baseCrowd/EBLSST_lphist.
pdf  used on input line 498.
(pdftex.def)             Requested size: 153.93678pt x 223.45897pt.
<figures/popPlots/OpenClusters/baseCrowd/EBLSST_rhist.pdf, id=241, 342.85277pt 
x 499.44217pt>
File: figures/popPlots/OpenClusters/baseCrowd/EBLSST_rhist.pdf Graphic file (ty
pe pdf)
<use figures/popPlots/OpenClusters/baseCrowd/EBLSST_rhist.pdf>
Package pdftex.def Info: figures/popPlots/OpenClusters/baseCrowd/EBLSST_rhist.p
df  used on input line 500.
(pdftex.def)             Requested size: 153.93678pt x 224.24391pt.
<figures/popPlots/OpenClusters/baseCrowd/EBLSST_qhist.pdf, id=242, 342.85277pt 
x 499.44217pt>
File: figures/popPlots/OpenClusters/baseCrowd/EBLSST_qhist.pdf Graphic file (ty
pe pdf)
<use figures/popPlots/OpenClusters/baseCrowd/EBLSST_qhist.pdf>
Package pdftex.def Info: figures/popPlots/OpenClusters/baseCrowd/EBLSST_qhist.p
df  used on input line 502.
(pdftex.def)             Requested size: 153.93678pt x 224.24391pt.
<figures/popPlots/OpenClusters/baseCrowd/EBLSST_m1hist.pdf, id=243, 342.85277pt
 x 499.44217pt>
File: figures/popPlots/OpenClusters/baseCrowd/EBLSST_m1hist.pdf Graphic file (t
ype pdf)
<use figures/popPlots/OpenClusters/baseCrowd/EBLSST_m1hist.pdf>
Package pdftex.def Info: figures/popPlots/OpenClusters/baseCrowd/EBLSST_m1hist.
pdf  used on input line 504.
(pdftex.def)             Requested size: 153.93678pt x 224.24391pt.
<figures/popPlots/OpenClusters/baseCrowd/EBLSST_dhist.pdf, id=244, 342.85277pt 
x 499.44217pt>
File: figures/popPlots/OpenClusters/baseCrowd/EBLSST_dhist.pdf Graphic file (ty
pe pdf)
<use figures/popPlots/OpenClusters/baseCrowd/EBLSST_dhist.pdf>
Package pdftex.def Info: figures/popPlots/OpenClusters/baseCrowd/EBLSST_dhist.p
df  used on input line 506.
(pdftex.def)             Requested size: 153.93678pt x 224.24391pt.
<figures/popPlots/OpenClusters/baseCrowd/EBLSST_maghist.pdf, id=245, 342.85277p
t x 499.44217pt>
File: figures/popPlots/OpenClusters/baseCrowd/EBLSST_maghist.pdf Graphic file (
type pdf)
<use figures/popPlots/OpenClusters/baseCrowd/EBLSST_maghist.pdf>
Package pdftex.def Info: figures/popPlots/OpenClusters/baseCrowd/EBLSST_maghist
.pdf  used on input line 508.
(pdftex.def)             Requested size: 153.93678pt x 224.24391pt.
<figures/popPlots/OpenClusters/baseCrowd/EBLSST_ehist.pdf, id=246, 342.85277pt 
x 499.44217pt>
File: figures/popPlots/OpenClusters/baseCrowd/EBLSST_ehist.pdf Graphic file (ty
pe pdf)
<use figures/popPlots/OpenClusters/baseCrowd/EBLSST_ehist.pdf>
Package pdftex.def Info: figures/popPlots/OpenClusters/baseCrowd/EBLSST_ehist.p
df  used on input line 510.
(pdftex.def)             Requested size: 153.93678pt x 224.24391pt.

LaTeX Warning: Reference `fig:gbc-hists' on page 5 undefined on input line 513.



LaTeX Warning: Reference `fig:gbc-hists' on page 5 undefined on input line 513.



LaTeX Warning: Float too large for page by 50.16284pt on input line 515.

<figures/popPlots/OpenClusters/colCrowd/EBLSST_lphist.pdf, id=247, 344.06252pt 
x 499.44217pt>
File: figures/popPlots/OpenClusters/colCrowd/EBLSST_lphist.pdf Graphic file (ty
pe pdf)
<use figures/popPlots/OpenClusters/colCrowd/EBLSST_lphist.pdf>
Package pdftex.def Info: figures/popPlots/OpenClusters/colCrowd/EBLSST_lphist.p
df  used on input line 521.
(pdftex.def)             Requested size: 153.93678pt x 223.45897pt.
<figures/popPlots/OpenClusters/colCrowd/EBLSST_rhist.pdf, id=248, 342.85277pt x
 499.44217pt>
File: figures/popPlots/OpenClusters/colCrowd/EBLSST_rhist.pdf Graphic file (typ
e pdf)
<use figures/popPlots/OpenClusters/colCrowd/EBLSST_rhist.pdf>
Package pdftex.def Info: figures/popPlots/OpenClusters/colCrowd/EBLSST_rhist.pd
f  used on input line 523.
(pdftex.def)             Requested size: 153.93678pt x 224.24391pt.
<figures/popPlots/OpenClusters/colCrowd/EBLSST_qhist.pdf, id=249, 342.85277pt x
 499.44217pt>
File: figures/popPlots/OpenClusters/colCrowd/EBLSST_qhist.pdf Graphic file (typ
e pdf)
<use figures/popPlots/OpenClusters/colCrowd/EBLSST_qhist.pdf>
Package pdftex.def Info: figures/popPlots/OpenClusters/colCrowd/EBLSST_qhist.pd
f  used on input line 525.
(pdftex.def)             Requested size: 153.93678pt x 224.24391pt.
<figures/popPlots/OpenClusters/colCrowd/EBLSST_m1hist.pdf, id=250, 342.85277pt 
x 499.44217pt>
File: figures/popPlots/OpenClusters/colCrowd/EBLSST_m1hist.pdf Graphic file (ty
pe pdf)
<use figures/popPlots/OpenClusters/colCrowd/EBLSST_m1hist.pdf>
Package pdftex.def Info: figures/popPlots/OpenClusters/colCrowd/EBLSST_m1hist.p
df  used on input line 527.
(pdftex.def)             Requested size: 153.93678pt x 224.24391pt.
<figures/popPlots/OpenClusters/colCrowd/EBLSST_dhist.pdf, id=251, 342.85277pt x
 499.44217pt>
File: figures/popPlots/OpenClusters/colCrowd/EBLSST_dhist.pdf Graphic file (typ
e pdf)
<use figures/popPlots/OpenClusters/colCrowd/EBLSST_dhist.pdf>
Package pdftex.def Info: figures/popPlots/OpenClusters/colCrowd/EBLSST_dhist.pd
f  used on input line 529.
(pdftex.def)             Requested size: 153.93678pt x 224.24391pt.
<figures/popPlots/OpenClusters/colCrowd/EBLSST_maghist.pdf, id=252, 342.85277pt
 x 499.44217pt>
File: figures/popPlots/OpenClusters/colCrowd/EBLSST_maghist.pdf Graphic file (t
ype pdf)
<use figures/popPlots/OpenClusters/colCrowd/EBLSST_maghist.pdf>
Package pdftex.def Info: figures/popPlots/OpenClusters/colCrowd/EBLSST_maghist.
pdf  used on input line 531.
(pdftex.def)             Requested size: 153.93678pt x 224.24391pt.
<figures/popPlots/OpenClusters/colCrowd/EBLSST_ehist.pdf, id=253, 342.85277pt x
 499.44217pt>
File: figures/popPlots/OpenClusters/colCrowd/EBLSST_ehist.pdf Graphic file (typ
e pdf)
<use figures/popPlots/OpenClusters/colCrowd/EBLSST_ehist.pdf>
Package pdftex.def Info: figures/popPlots/OpenClusters/colCrowd/EBLSST_ehist.pd
f  used on input line 533.
(pdftex.def)             Requested size: 153.93678pt x 224.24391pt.

LaTeX Warning: Reference `fig:gbc-hists' on page 5 undefined on input line 536.



LaTeX Warning: Reference `fig:gbc-hists' on page 5 undefined on input line 536.



LaTeX Warning: Float too large for page by 50.16284pt on input line 538.

<figures/mollweides/recoveryMollweides/GCs/mollweide_pct_gbc.pdf, id=254, 493.3
5358pt x 224.5232pt>
File: figures/mollweides/recoveryMollweides/GCs/mollweide_pct_gbc.pdf Graphic f
ile (type pdf)
<use figures/mollweides/recoveryMollweides/GCs/mollweide_pct_gbc.pdf>
Package pdftex.def Info: figures/mollweides/recoveryMollweides/GCs/mollweide_pc
t_gbc.pdf  used on input line 547.
(pdftex.def)             Requested size: 230.90128pt x 105.08395pt.
<figures/mollweides/recoveryMollweides/GCs/mollweide_N_gbc.pdf, id=255, 486.970
35pt x 224.5232pt>
File: figures/mollweides/recoveryMollweides/GCs/mollweide_N_gbc.pdf Graphic fil
e (type pdf)
<use figures/mollweides/recoveryMollweides/GCs/mollweide_N_gbc.pdf>
Package pdftex.def Info: figures/mollweides/recoveryMollweides/GCs/mollweide_N_
gbc.pdf  used on input line 549.
(pdftex.def)             Requested size: 230.90128pt x 106.45776pt.
<figures/mollweides/recoveryMollweides/GCs/mollweide_pct_gcc.pdf, id=256, 499.7
3679pt x 224.5232pt>
File: figures/mollweides/recoveryMollweides/GCs/mollweide_pct_gcc.pdf Graphic f
ile (type pdf)
<use figures/mollweides/recoveryMollweides/GCs/mollweide_pct_gcc.pdf>
Package pdftex.def Info: figures/mollweides/recoveryMollweides/GCs/mollweide_pc
t_gcc.pdf  used on input line 560.
(pdftex.def)             Requested size: 230.90128pt x 103.73756pt.
<figures/mollweides/recoveryMollweides/GCs/mollweide_N_gcc.pdf, id=257, 495.376
75pt x 224.5232pt>
File: figures/mollweides/recoveryMollweides/GCs/mollweide_N_gcc.pdf Graphic fil
e (type pdf)
<use figures/mollweides/recoveryMollweides/GCs/mollweide_N_gcc.pdf>
Package pdftex.def Info: figures/mollweides/recoveryMollweides/GCs/mollweide_N_
gcc.pdf  used on input line 563.
(pdftex.def)             Requested size: 230.90128pt x 104.65228pt.
<figures/mollweides/recoveryMollweides/OCs/mollweide_pct_obc.pdf, id=258, 499.7
3679pt x 224.5232pt>
File: figures/mollweides/recoveryMollweides/OCs/mollweide_pct_obc.pdf Graphic f
ile (type pdf)
<use figures/mollweides/recoveryMollweides/OCs/mollweide_pct_obc.pdf>
Package pdftex.def Info: figures/mollweides/recoveryMollweides/OCs/mollweide_pc
t_obc.pdf  used on input line 573.
(pdftex.def)             Requested size: 230.90128pt x 103.73756pt.
<figures/mollweides/recoveryMollweides/OCs/mollweide_N_obc.pdf, id=259, 495.376
75pt x 224.5232pt>
File: figures/mollweides/recoveryMollweides/OCs/mollweide_N_obc.pdf Graphic fil
e (type pdf)
<use figures/mollweides/recoveryMollweides/OCs/mollweide_N_obc.pdf>
Package pdftex.def Info: figures/mollweides/recoveryMollweides/OCs/mollweide_N_
obc.pdf  used on input line 576.
(pdftex.def)             Requested size: 230.90128pt x 104.65228pt.
<figures/mollweides/recoveryMollweides/OCs/mollweide_pct_occ.pdf, id=260, 493.3
5358pt x 224.5232pt>
File: figures/mollweides/recoveryMollweides/OCs/mollweide_pct_occ.pdf Graphic f
ile (type pdf)
<use figures/mollweides/recoveryMollweides/OCs/mollweide_pct_occ.pdf>
Package pdftex.def Info: figures/mollweides/recoveryMollweides/OCs/mollweide_pc
t_occ.pdf  used on input line 586.
(pdftex.def)             Requested size: 230.90128pt x 105.08395pt.
<figures/mollweides/recoveryMollweides/OCs/mollweide_N_occ.pdf, id=261, 495.376
75pt x 224.5232pt>
File: figures/mollweides/recoveryMollweides/OCs/mollweide_N_occ.pdf Graphic fil
e (type pdf)
<use figures/mollweides/recoveryMollweides/OCs/mollweide_N_occ.pdf>
Package pdftex.def Info: figures/mollweides/recoveryMollweides/OCs/mollweide_N_
occ.pdf  used on input line 589.
(pdftex.def)             Requested size: 230.90128pt x 104.65228pt.
<figures/cornerPlots/GlobularClusters/obs-GBC-cornerPlot-contour.pdf, id=262, 1
308.08694pt x 1308.08694pt>
File: figures/cornerPlots/GlobularClusters/obs-GBC-cornerPlot-contour.pdf Graph
ic file (type pdf)
<use figures/cornerPlots/GlobularClusters/obs-GBC-cornerPlot-contour.pdf>
Package pdftex.def Info: figures/cornerPlots/GlobularClusters/obs-GBC-cornerPlo
t-contour.pdf  used on input line 605.
(pdftex.def)             Requested size: 436.15294pt x 436.14102pt.
<figures/cornerPlots/GlobularClusters/rec-GBC-cornerPlot-contour.pdf, id=263, 1
308.08694pt x 1308.08694pt>
File: figures/cornerPlots/GlobularClusters/rec-GBC-cornerPlot-contour.pdf Graph
ic file (type pdf)
<use figures/cornerPlots/GlobularClusters/rec-GBC-cornerPlot-contour.pdf>
Package pdftex.def Info: figures/cornerPlots/GlobularClusters/rec-GBC-cornerPlo
t-contour.pdf  used on input line 613.
(pdftex.def)             Requested size: 436.15294pt x 436.14102pt.
Runaway argument?
width={\eps@scaling \plot@width }][width = 0.5\textwidth ]{figur