This is pdfTeX, Version 3.14159265-2.6-1.40.21 (TeX Live 2020) (preloaded format=pdflatex 2020.4.7)  7 JUN 2020 08:11
entering extended mode
 restricted \write18 enabled.
 file:line:error style messages enabled.
 %&-line parsing enabled.
**main.tex
(./main.tex
LaTeX2e <2020-02-02> patch level 5
L3 programming layer <2020-03-06> (./aastex63.cls
Document Class: aastex63 2019/06/03 Version 6.3/AAS markup document class
Class aastex Info: 
 
 Original \LaTeX2.09 style by Chris Biemesderfer (chris@seagoat.com). 
 Adapted to \LaTeXe by A. Ogawa (ogawa@teleport.com)
 emulateapj.cls included, Copyright 2000-2015 Alexey Vikhlinin 
 Rewrite and update of emulateapj.cls, revised and enhanced with table macros, 
gridlines, draft watermark,
 track changes, new `modern' style and much more, by Amy Hendrickson,
 (amyh@texnology.com, http://www.texnology.com) 
 
  on input line 104.
\bibbaselineskip=\skip47
(/usr/local/texlive/2020/texmf-dist/tex/latex/revtex/revtex4-1.cls
Document Class: revtex4-1 2010/07/25/20:33:00 4.1r (http://publish.aps.org/revt
ex4/ for documentation)
 Copyright (c) 2009 The American Physical Society.
 mailto:revtex@aps.org
 Licensed under the LPPL:
http://www.ctan.org/tex-archive/macros/latex/base/lppl.txt
 Arthur Ogawa <arthur_ogawa at sbcglobal dot net>
 Based on work by David Carlisle <david at dcarlisle.demon.co.uk>.
ltxutil[2010/07/25/20:33:00 4.1r utilities package (portions licensed from W. E
. Baxter web at superscript.com)]
LaTeX Info: Redefining \@centercr on input line 308.
Class revtex4-1 Info: Repairing broken LaTeX eqnarray on input line 358.
\eqncolsep=\skip48
Class revtex4-1 Info: Repairing hyperref-unfriendly LaTeX definition of \mpfoot
note on input line 433.
Class revtex4-1 Info: Repairing broken LateX \@sect on input line 755.
\intertabularlinepenalty=\count167
\@tbpen=\count168
\@arstrutbox@hline=\box45
Class revtex4-1 Info: Repairing broken LaTeX \@xbitor on input line 1786.
Class revtex4-1 Info: Making \typeout \long on input line 2046.
ltxfront[2010/07/25/20:33:00 4.1r frontmatter package (AO,DPC)]
\c@affil=\count169
\c@collab=\count170
\absbox=\box46
ltxgrid[2010/07/25/20:33:00 4.1r page grid package (portions licensed from W. E
. Baxter web at superscript.com)]
\c@linecount=\count171
\output@latex=\toks15
\box@size@1=\box47
\box@size@2=\box48
\@protection@box=\box49
\@topmark@saved=\toks16
\footins@saved=\box50
\footins@recovered=\box51
\column@recovered=\box52
\pagesofar=\box53
\footsofar=\box54
\pagegrid@col=\count172

Class revtex4-1 Warning: Failed to recognize \@vspace, \@vspacer, \@no@pgbk, \@
newline, and \\; no patches applied. Please get a more up-to-date class, .

\c@part=\count173
\c@section=\count174
\c@subsection=\count175
\c@subsubsection=\count176
\c@paragraph=\count177
\c@subparagraph=\count178
\abovecaptionskip=\skip49
\belowcaptionskip=\skip50
\c@figure=\count179
\fbox@1=\box55
\c@table=\count180
\fbox@2=\box56
\c@video=\count181
\fbox@4=\box57
\@bibdataout=\write3
\widetext@top=\box58
\widetext@bot=\box59
Class revtex4-1 Info: Selecting society aps on input line 7542.
(/usr/local/texlive/2020/texmf-dist/tex/latex/revtex/aps4-1.rtx
File: aps4-1 2010/07/25/20:33:00 4.1r (http://publish.aps.org/revtex4/ for docu
mentation)
Class revtex4-1 Info: RevTeX society APS selected on input line 31.
)
Class revtex4-1 Info: Selecting journal pra on input line 7544.
Class revtex4-1 Info: APS journal PRA selected on input line 7545.

(/usr/local/texlive/2020/texmf-dist/tex/latex/revtex/aps10pt4-1.rtx
File: aps10pt4-1 2010/07/25/20:33:00 4.1r (http://publish.aps.org/revtex4/ for 
documentation)
Class revtex4-1 Info: RevTeX pointsize 10pt selected on input line 30.
)
(/usr/local/texlive/2020/texmf-dist/tex/latex/textcase/textcase.sty
Package: textcase 2019/09/14 v1.00 Text only upper/lower case changing (DPC)
)
(/usr/local/texlive/2020/texmf-dist/tex/latex/url/url.sty
\Urlmuskip=\muskip16
Package: url 2013/09/16  ver 3.4  Verb mode for urls, etc.
)
(/usr/local/texlive/2020/texmf-dist/tex/latex/natbib/natbib.sty
Package: natbib 2010/09/13 8.31b (PWD, AO)
\bibhang=\skip51
\bibsep=\skip52
LaTeX Info: Redefining \cite on input line 694.
\c@NAT@ctr=\count182
)
Class revtex4-1 Info: Repairing natbib's \BibitemShut on input line 7549.

(/usr/local/texlive/2020/texmf-dist/tex/latex/revtex/revsymb4-1.sty
Package: revsymb4-1 2010/07/25/20:33:00 4.1r (http://publish.aps.org/revtex4/ f
or documentation)
LaTeX Info: Redefining \REV@mathfrak on input line 119.
))
(/usr/local/texlive/2020/texmf-dist/tex/latex/base/latexsym.sty
Package: latexsym 1998/08/17 v2.2e Standard LaTeX package (lasy symbols)
\symlasy=\mathgroup4
LaTeX Font Info:    Overwriting symbol font `lasy' in version `bold'
(Font)                  U/lasy/m/n --> U/lasy/b/n on input line 52.
)
(/usr/local/texlive/2020/texmf-dist/tex/latex/graphics/graphicx.sty
Package: graphicx 2019/11/30 v1.2a Enhanced LaTeX Graphics (DPC,SPQR)

(/usr/local/texlive/2020/texmf-dist/tex/latex/graphics/keyval.sty
Package: keyval 2014/10/28 v1.15 key=value parser (DPC)
\KV@toks@=\toks17
)
(/usr/local/texlive/2020/texmf-dist/tex/latex/graphics/graphics.sty
Package: graphics 2019/11/30 v1.4a Standard LaTeX Graphics (DPC,SPQR)

(/usr/local/texlive/2020/texmf-dist/tex/latex/graphics/trig.sty
Package: trig 2016/01/03 v1.10 sin cos tan (DPC)
)
(/usr/local/texlive/2020/texmf-dist/tex/latex/graphics-cfg/graphics.cfg
File: graphics.cfg 2016/06/04 v1.11 sample graphics configuration
)
Package graphics Info: Driver file: pdftex.def on input line 105.

(/usr/local/texlive/2020/texmf-dist/tex/latex/graphics-def/pdftex.def
File: pdftex.def 2018/01/08 v1.0l Graphics/color driver for pdftex
))
\Gin@req@height=\dimen134
\Gin@req@width=\dimen135
)
(/usr/local/texlive/2020/texmf-dist/tex/latex/amsfonts/amssymb.sty
Package: amssymb 2013/01/14 v3.01 AMS font symbols

(/usr/local/texlive/2020/texmf-dist/tex/latex/amsfonts/amsfonts.sty
Package: amsfonts 2013/01/14 v3.01 Basic AMSFonts support
\@emptytoks=\toks18
\symAMSa=\mathgroup5
\symAMSb=\mathgroup6
LaTeX Font Info:    Redeclaring math symbol \hbar on input line 98.
LaTeX Font Info:    Overwriting math alphabet `\mathfrak' in version `bold'
(Font)                  U/euf/m/n --> U/euf/b/n on input line 106.
LaTeX Info: Redefining \frak on input line 111.
LaTeX Info: Redefining \Bbb on input line 113.
))
(/usr/local/texlive/2020/texmf-dist/tex/generic/epsf/epsf.sty
This is `epsf.tex' v2.7.4 <14 February 2011>
\epsffilein=\read2
\epsfframemargin=\dimen136
\epsfframethickness=\dimen137
\epsfrsize=\dimen138
\epsftmp=\dimen139
\epsftsize=\dimen140
\epsfxsize=\dimen141
\epsfysize=\dimen142
\pspoints=\dimen143
)
\rptnum=\count183
\rptloopnum=\count184
\fncount=\count185
\endfncount=\count186
\c@front@matter@foot@note=\count187
\keys@width=\skip53
\c@lastfootnote=\count188
\tempsectnum=\count189
\ackbox=\box60
\c@remember@figure@num=\count190
\c@remember@table@num=\count191
\bibskip=\skip54
\bibindent=\dimen144
\plot@width=\skip55
\c@table@save=\count192
\@abovenoteskip=\dimen145
\table@note@skip=\skip56
\deluxe@table@width=\skip57
\@d@t@a=\skip58
\c@deluxe@table@num=\count193
\LTcapwidth=\dimen146
\abovedeluxetableskip=\skip59
\belowdeluxetableskip=\skip60
\lastrowheight=\dimen147
\DT@p@ftn=\toks19
\pt@column=\count194
\pt@ncol=\count195
 (/usr/local/texlive/2020/texmf-dist/tex/latex/tools/longtable.sty
Package: longtable 2020/01/07 v4.13 Multi-page Table package (DPC)
\LTleft=\skip61
\LTright=\skip62
\LTpre=\skip63
\LTpost=\skip64
\LTchunksize=\count196
\LTcapwidth=\dimen148
\LT@head=\box61
\LT@firsthead=\box62
\LT@foot=\box63
\LT@lastfoot=\box64
\LT@cols=\count197
\LT@rows=\count198
\c@LT@tables=\count199
\c@LT@chunks=\count266
\LT@p@ftn=\toks20
)
(/usr/local/texlive/2020/texmf-dist/tex/latex/xcolor/xcolor.sty
Package: xcolor 2016/05/11 v2.12 LaTeX color extensions (UK)

(/usr/local/texlive/2020/texmf-dist/tex/latex/graphics-cfg/color.cfg
File: color.cfg 2016/01/02 v1.6 sample color configuration
)
Package xcolor Info: Driver file: pdftex.def on input line 225.
Package xcolor Info: Model `cmy' substituted by `cmy0' on input line 1348.
Package xcolor Info: Model `hsb' substituted by `rgb' on input line 1352.
Package xcolor Info: Model `RGB' extended on input line 1364.
Package xcolor Info: Model `HTML' substituted by `rgb' on input line 1366.
Package xcolor Info: Model `Hsb' substituted by `hsb' on input line 1367.
Package xcolor Info: Model `tHsb' substituted by `hsb' on input line 1368.
Package xcolor Info: Model `HSB' substituted by `hsb' on input line 1369.
Package xcolor Info: Model `Gray' substituted by `gray' on input line 1370.
Package xcolor Info: Model `wave' substituted by `hsb' on input line 1371.
)
(/usr/local/texlive/2020/texmf-dist/tex/latex/hyperref/hyperref.sty
Package: hyperref 2020/01/14 v7.00d Hypertext links for LaTeX

(/usr/local/texlive/2020/texmf-dist/tex/generic/ltxcmds/ltxcmds.sty
Package: ltxcmds 2019/12/15 v1.24 LaTeX kernel commands for general use (HO)
)
(/usr/local/texlive/2020/texmf-dist/tex/generic/iftex/iftex.sty
Package: iftex 2020/03/06 v1.0d TeX engine tests
)
(/usr/local/texlive/2020/texmf-dist/tex/latex/pdftexcmds/pdftexcmds.sty
Package: pdftexcmds 2019/11/24 v0.31 Utility functions of pdfTeX for LuaTeX (HO
)

(/usr/local/texlive/2020/texmf-dist/tex/generic/infwarerr/infwarerr.sty
Package: infwarerr 2019/12/03 v1.5 Providing info/warning/error messages (HO)
)
Package pdftexcmds Info: \pdf@primitive is available.
Package pdftexcmds Info: \pdf@ifprimitive is available.
Package pdftexcmds Info: \pdfdraftmode found.
)
(/usr/local/texlive/2020/texmf-dist/tex/generic/kvsetkeys/kvsetkeys.sty
Package: kvsetkeys 2019/12/15 v1.18 Key value parser (HO)
)
(/usr/local/texlive/2020/texmf-dist/tex/generic/kvdefinekeys/kvdefinekeys.sty
Package: kvdefinekeys 2019-12-19 v1.6 Define keys (HO)
)
(/usr/local/texlive/2020/texmf-dist/tex/generic/pdfescape/pdfescape.sty
Package: pdfescape 2019/12/09 v1.15 Implements pdfTeX's escape features (HO)
)
(/usr/local/texlive/2020/texmf-dist/tex/latex/hycolor/hycolor.sty
Package: hycolor 2020-01-27 v1.10 Color options for hyperref/bookmark (HO)
)
(/usr/local/texlive/2020/texmf-dist/tex/latex/letltxmacro/letltxmacro.sty
Package: letltxmacro 2019/12/03 v1.6 Let assignment for LaTeX macros (HO)
)
(/usr/local/texlive/2020/texmf-dist/tex/latex/auxhook/auxhook.sty
Package: auxhook 2019-12-17 v1.6 Hooks for auxiliary files (HO)
)
(/usr/local/texlive/2020/texmf-dist/tex/latex/kvoptions/kvoptions.sty
Package: kvoptions 2019/11/29 v3.13 Key value format for package options (HO)
)
\@linkdim=\dimen149
\Hy@linkcounter=\count267
\Hy@pagecounter=\count268

(/usr/local/texlive/2020/texmf-dist/tex/latex/hyperref/pd1enc.def
File: pd1enc.def 2020/01/14 v7.00d Hyperref: PDFDocEncoding definition (HO)
Now handling font encoding PD1 ...
... no UTF-8 mapping file for font encoding PD1
)
(/usr/local/texlive/2020/texmf-dist/tex/generic/intcalc/intcalc.sty
Package: intcalc 2019/12/15 v1.3 Expandable calculations with integers (HO)
)
(/usr/local/texlive/2020/texmf-dist/tex/generic/etexcmds/etexcmds.sty
Package: etexcmds 2019/12/15 v1.7 Avoid name clashes with e-TeX commands (HO)
)
\Hy@SavedSpaceFactor=\count269
Package hyperref Info: Option `bookmarks' set `true' on input line 4421.
Package hyperref Info: Option `pdfnewwindow' set `true' on input line 4421.
Package hyperref Info: Option `colorlinks' set `true' on input line 4421.
Package hyperref Info: Option `final' set `true' on input line 4421.
Package hyperref Info: Hyper figures OFF on input line 4547.
Package hyperref Info: Link nesting OFF on input line 4552.
Package hyperref Info: Hyper index ON on input line 4555.
Package hyperref Info: Plain pages OFF on input line 4562.
Package hyperref Info: Backreferencing OFF on input line 4567.
Package hyperref Info: Implicit mode ON; LaTeX internals redefined.
Package hyperref Info: Bookmarks ON on input line 4800.
LaTeX Info: Redefining \href on input line 5070.
\c@Hy@tempcnt=\count270
LaTeX Info: Redefining \url on input line 5159.
\XeTeXLinkMargin=\dimen150

(/usr/local/texlive/2020/texmf-dist/tex/generic/bitset/bitset.sty
Package: bitset 2019/12/09 v1.3 Handle bit-vector datatype (HO)

(/usr/local/texlive/2020/texmf-dist/tex/generic/bigintcalc/bigintcalc.sty
Package: bigintcalc 2019/12/15 v1.5 Expandable calculations on big integers (HO
)
))
\Fld@menulength=\count271
\Field@Width=\dimen151
\Fld@charsize=\dimen152
Package hyperref Info: Hyper figures OFF on input line 6430.
Package hyperref Info: Link nesting OFF on input line 6435.
Package hyperref Info: Hyper index ON on input line 6438.
Package hyperref Info: backreferencing OFF on input line 6445.
Package hyperref Info: Link coloring ON on input line 6448.
Package hyperref Info: Link coloring with OCG OFF on input line 6455.
Package hyperref Info: PDF/A mode OFF on input line 6460.
LaTeX Info: Redefining \ref on input line 6500.
LaTeX Info: Redefining \pageref on input line 6504.

(/usr/local/texlive/2020/texmf-dist/tex/generic/atbegshi/atbegshi.sty
Package: atbegshi 2019/12/05 v1.19 At begin shipout hook (HO)
)
\Hy@abspage=\count272
\c@Item=\count273
\c@Hfootnote=\count274
)
Package hyperref Info: Driver (autodetected): hpdftex.

(/usr/local/texlive/2020/texmf-dist/tex/latex/hyperref/hpdftex.def
File: hpdftex.def 2020/01/14 v7.00d Hyperref driver for pdfTeX

(/usr/local/texlive/2020/texmf-dist/tex/latex/atveryend/atveryend.sty
Package: atveryend 2019-12-11 v1.11 Hooks at the very end of document (HO)
)
\Fld@listcount=\count275
\c@bookmark@seq@number=\count276

(/usr/local/texlive/2020/texmf-dist/tex/latex/rerunfilecheck/rerunfilecheck.sty
Package: rerunfilecheck 2019/12/05 v1.9 Rerun checks for auxiliary files (HO)

(/usr/local/texlive/2020/texmf-dist/tex/generic/uniquecounter/uniquecounter.sty
Package: uniquecounter 2019/12/15 v1.4 Provide unlimited unique counter (HO)
)
Package uniquecounter Info: New unique counter `rerunfilecheck' on input line 2
86.
)
\Hy@SectionHShift=\skip65
) (/usr/local/texlive/2020/texmf-dist/tex/latex/tools/array.sty
Package: array 2019/08/31 v2.4l Tabular extension package (FMi)
\col@sep=\dimen153
\ar@mcellbox=\box65
\extrarowheight=\dimen154
\NC@list=\toks21
\extratabsurround=\skip66
\backup@length=\skip67
\ar@cellbox=\box66
)
\colcount=\count277
\firstcolcount=\count278
\secondcolcount=\count279
\thirdcolcount=\count280
\columncount=\count281
\howmanyDs=\count282
\firsthowmanyDs=\count283
\secondhowmanyDs=\count284
\PartsOfTable=\count285
\columnoneandtwo=\count286
\colnumsused=\count287
\loopnum=\count288
\totalcolumncount=\count289
\totalcolumns=\count290
\firsttablebox=\box67
\secondtablebox=\box68
\thirdtablebox=\box69
\longtablebox=\box70
\splitbox=\box71
\movetabledown=\dimen155
\maxtablewidth=\dimen156
\savetabskip=\dimen157
\tempcounter=\count291
\colheadcount=\count292
\rotatetablebox=\box72
\colorcount=\count293
\refchangenumber=\count294
\listchangenum=\count295

(/usr/local/texlive/2020/texmf-dist/tex/generic/ulem/ulem.sty
\UL@box=\box73
\UL@hyphenbox=\box74
\UL@skip=\skip68
\UL@hook=\toks22
\UL@height=\dimen158
\UL@pe=\count296
\UL@pixel=\dimen159
\ULC@box=\box75
Package: ulem 2019/11/18
\ULdepth=\dimen160
)
\entriesinthiscollab=\count297
\allentries=\count298
\AuthorCollaborationLimit=\count299
\largestAffilNum=\count300
\totalentries=\count301
\docollabnum=\count302
\tempauthornumber=\count303
\countauthors=\count304
\testnum=\count305
\tempauthorminusone=\count306
\affilnum=\count307
\c@affilcount=\count308
\numauthors=\count309
\collabnum=\count310
\collabnamebox=\box76
\widetext@top=\box77
\widetext@bot=\box78
\movetableright=\dimen161
)
(/usr/local/texlive/2020/texmf-dist/tex/latex/appendix/appendix.sty
Package: appendix 2020/02/08 v1.2c extra appendix facilities
\c@@pps=\count311
\c@@ppsavesec=\count312
\c@@ppsaveapp=\count313
)
(/usr/local/texlive/2020/texmf-dist/tex/latex/savesym/savesym.sty
Package: savesym 2013/09/02 v1.2 Saves and restores symbols (JG)
)
(/usr/local/texlive/2020/texmf-dist/tex/latex/morefloats/morefloats.sty
Package: morefloats 2015/07/22 v1.0h Raise limit of unprocessed floats (HMM)
Package morefloats Info: Maximum number of possible floats asked for: 36
(morefloats)             (i.e. 18 more floats).
(morefloats)             LaTeX might run out of memory before this
(morefloats)             (in which case it will notify you).
)
(/usr/local/texlive/2020/texmf-dist/tex/latex/subfigure/subfigure.sty
Package: subfigure 2002/03/15 v2.1.5 subfigure package
\subfigtopskip=\skip69
\subfigcapskip=\skip70
\subfigcaptopadj=\dimen162
\subfigbottomskip=\skip71
\subfigcapmargin=\dimen163
\subfiglabelskip=\skip72
\c@subfigure=\count314
\c@lofdepth=\count315
\c@subtable=\count316
\c@lotdepth=\count317

****************************************
* Local config file subfigure.cfg used *
****************************************
(/usr/local/texlive/2020/texmf-dist/tex/latex/subfigure/subfigure.cfg)
\subfig@top=\skip73
\subfig@bottom=\skip74
)
Class revtex4-1 Info: Unrecognized array package. Please update this document c
lass! (Proceeding with fingers crossed.) on input line 172.
Class revtex4-1 Info: Patching unrecognized longtable package. (Proceeding with
 fingers crossed) on input line 172.
Class revtex4-1 Info: cite was not loaded (OK!) on input line 172.
Class revtex4-1 Info: mcite was not loaded (OK!) on input line 172.
Class revtex4-1 Info: multicol was not loaded (OK!) on input line 172.

(/usr/local/texlive/2020/texmf-dist/tex/latex/l3backend/l3backend-pdfmode.def
File: l3backend-pdfmode.def 2020-03-12 L3 backend support: PDF mode
\l__kernel_color_stack_int=\count318
\l__pdf_internal_box=\box79
)
(./main.aux

LaTeX Warning: Label `fig:gbn-corner-plot-appendix' multiply defined.


LaTeX Warning: Label `fig:gbn-corner-plot-appendix' multiply defined.

)
\openout1 = `main.aux'.

LaTeX Font Info:    Checking defaults for OML/cmm/m/it on input line 172.
LaTeX Font Info:    ... okay on input line 172.
LaTeX Font Info:    Checking defaults for OMS/cmsy/m/n on input line 172.
LaTeX Font Info:    ... okay on input line 172.
LaTeX Font Info:    Checking defaults for OT1/cmr/m/n on input line 172.
LaTeX Font Info:    ... okay on input line 172.
LaTeX Font Info:    Checking defaults for T1/cmr/m/n on input line 172.
LaTeX Font Info:    ... okay on input line 172.
LaTeX Font Info:    Checking defaults for TS1/cmr/m/n on input line 172.
LaTeX Font Info:    ... okay on input line 172.
LaTeX Font Info:    Checking defaults for OMX/cmex/m/n on input line 172.
LaTeX Font Info:    ... okay on input line 172.
LaTeX Font Info:    Checking defaults for U/cmr/m/n on input line 172.
LaTeX Font Info:    ... okay on input line 172.
LaTeX Font Info:    Checking defaults for PD1/pdf/m/n on input line 172.
LaTeX Font Info:    ... okay on input line 172.
 (/usr/local/texlive/2020/texmf-dist/tex/context/base/mkii/supp-pdf.mkii
[Loading MPS to PDF converter (version 2006.09.02).]
\scratchcounter=\count319
\scratchdimen=\dimen164
\scratchbox=\box80
\nofMPsegments=\count320
\nofMParguments=\count321
\everyMPshowfont=\toks23
\MPscratchCnt=\count322
\MPscratchDim=\dimen165
\MPnumerator=\count323
\makeMPintoPDFobject=\count324
\everyMPtoPDFconversion=\toks24
) (/usr/local/texlive/2020/texmf-dist/tex/latex/epstopdf-pkg/epstopdf-base.sty
Package: epstopdf-base 2020-01-24 v2.11 Base part for package epstopdf
Package epstopdf-base Info: Redefining graphics rule for `.eps' on input line 4
85.

(/usr/local/texlive/2020/texmf-dist/tex/latex/latexconfig/epstopdf-sys.cfg
File: epstopdf-sys.cfg 2010/07/13 v1.3 Configuration of (r)epstopdf for TeX Liv
e
))
\AtBeginShipoutBox=\box81
Package hyperref Info: Link coloring ON on input line 172.

(/usr/local/texlive/2020/texmf-dist/tex/latex/hyperref/nameref.sty
Package: nameref 2019/09/16 v2.46 Cross-referencing by name of section

(/usr/local/texlive/2020/texmf-dist/tex/latex/refcount/refcount.sty
Package: refcount 2019/12/15 v3.6 Data extraction from label references (HO)
)
(/usr/local/texlive/2020/texmf-dist/tex/generic/gettitlestring/gettitlestring.s
ty
Package: gettitlestring 2019/12/15 v1.6 Cleanup title references (HO)
)
\c@section@level=\count325
)
LaTeX Info: Redefining \ref on input line 172.
LaTeX Info: Redefining \pageref on input line 172.
LaTeX Info: Redefining \nameref on input line 172.
 (./main.out) (./main.out)
\@outlinefile=\write4
\openout4 = `main.out'.

LaTeX Font Info:    Trying to load font information for U+lasy on input line 17
9.

(/usr/local/texlive/2020/texmf-dist/tex/latex/base/ulasy.fd
File: ulasy.fd 1998/08/17 v2.2e LaTeX symbol font definitions
)
LaTeX Font Info:    Trying to load font information for U+msa on input line 179
.

(/usr/local/texlive/2020/texmf-dist/tex/latex/amsfonts/umsa.fd
File: umsa.fd 2013/01/14 v3.01 AMS symbols A
)
LaTeX Font Info:    Trying to load font information for U+msb on input line 179
.

(/usr/local/texlive/2020/texmf-dist/tex/latex/amsfonts/umsb.fd
File: umsb.fd 2013/01/14 v3.01 AMS symbols B
)
Overfull \hbox (10.88353pt too wide) in paragraph at lines 210--210
[][]| [] [][][]| 
 []

[1{/usr/local/texlive/2020/texmf-var/fonts/map/pdftex/updmap/pdftex.map}]
Overfull \hbox (10.88353pt too wide) in paragraph at lines 237--237
[][]| [] [][][]| 
 []

<figures/mollweides/clusters-opsim-mollweide.pdf, id=158, 510.29195pt x 276.272
78pt>
File: figures/mollweides/clusters-opsim-mollweide.pdf Graphic file (type pdf)
<use figures/mollweides/clusters-opsim-mollweide.pdf>
Package pdftex.def Info: figures/mollweides/clusters-opsim-mollweide.pdf  used 
on input line 243.
(pdftex.def)             Requested size: 205.24384pt x 111.11841pt.
<figures/mollweides/baseline-Nobs-mollweide.pdf, id=161, 495.01778pt x 302.4016
6pt>
File: figures/mollweides/baseline-Nobs-mollweide.pdf Graphic file (type pdf)
<use figures/mollweides/baseline-Nobs-mollweide.pdf>
Package pdftex.def Info: figures/mollweides/baseline-Nobs-mollweide.pdf  used o
n input line 251.
(pdftex.def)             Requested size: 205.24384pt x 125.37898pt.
<figures/mollweides/colossus-Nobs-mollweide.pdf, id=162, 495.01778pt x 302.4016
6pt>
File: figures/mollweides/colossus-Nobs-mollweide.pdf Graphic file (type pdf)
<use figures/mollweides/colossus-Nobs-mollweide.pdf>
Package pdftex.def Info: figures/mollweides/colossus-Nobs-mollweide.pdf  used o
n input line 253.
(pdftex.def)             Requested size: 205.24384pt x 125.37898pt.
[2 <./figures/mollweides/clusters-opsim-mollweide.pdf>]

LaTeX Warning: A float is stuck (cannot be placed) on input line 266.


LaTeX Warning: A float is stuck (cannot be placed) on input line 266.


Class revtex4-1 Warning: Deferred float stuck during \clearpage processing.


Overfull \hbox (10.88353pt too wide) in paragraph at lines 280--280
[][]| [] [][][]| 
 []

[3 <./figures/mollweides/baseline-Nobs-mollweide.pdf> <./figures/mollweides/col
ossus-Nobs-mollweide.pdf

pdfTeX warning: /Library/TeX/texbin/pdflatex (file ./figures/mollweides/colossu
s-Nobs-mollweide.pdf): PDF inclusion: multiple pdfs with page group included in
 a single page
>]
<figures/light-curve-sample576.pdf, id=333, 390.73793pt x 266.68005pt>
File: figures/light-curve-sample576.pdf Graphic file (type pdf)
<use figures/light-curve-sample576.pdf>
Package pdftex.def Info: figures/light-curve-sample576.pdf  used on input line 
322.
(pdftex.def)             Requested size: 246.29417pt x 168.09477pt.

Overfull \hbox (4.02765pt too wide) in paragraph at lines 322--323
 [][] 
 []


Overfull \hbox (10.88353pt too wide) in paragraph at lines 365--365
[][]| [] [][][]| 
 []

[4 <./figures/light-curve-sample576.pdf>]
Overfull \hbox (10.88353pt too wide) in paragraph at lines 379--379
[][]| [] [][][]| 
 []

<figures/popPlots/GlobularClusters/baseCrowd/EBLSST_lphist.pdf, id=385, 349.896
8pt x 499.89574pt>
File: figures/popPlots/GlobularClusters/baseCrowd/EBLSST_lphist.pdf Graphic fil
e (type pdf)
<use figures/popPlots/GlobularClusters/baseCrowd/EBLSST_lphist.pdf>
Package pdftex.def Info: figures/popPlots/GlobularClusters/baseCrowd/EBLSST_lph
ist.pdf  used on input line 386.
(pdftex.def)             Requested size: 153.93678pt x 219.93192pt.
<figures/popPlots/GlobularClusters/baseCrowd/EBLSST_rhist.pdf, id=386, 348.6870
6pt x 499.44217pt>
File: figures/popPlots/GlobularClusters/baseCrowd/EBLSST_rhist.pdf Graphic file
 (type pdf)
<use figures/popPlots/GlobularClusters/baseCrowd/EBLSST_rhist.pdf>
Package pdftex.def Info: figures/popPlots/GlobularClusters/baseCrowd/EBLSST_rhi
st.pdf  used on input line 388.
(pdftex.def)             Requested size: 153.93678pt x 220.49445pt.
<figures/popPlots/GlobularClusters/baseCrowd/EBLSST_qhist.pdf, id=387, 348.6870
6pt x 499.44217pt>
File: figures/popPlots/GlobularClusters/baseCrowd/EBLSST_qhist.pdf Graphic file
 (type pdf)
<use figures/popPlots/GlobularClusters/baseCrowd/EBLSST_qhist.pdf>
Package pdftex.def Info: figures/popPlots/GlobularClusters/baseCrowd/EBLSST_qhi
st.pdf  used on input line 390.
(pdftex.def)             Requested size: 153.93678pt x 220.49445pt.
<figures/popPlots/GlobularClusters/baseCrowd/EBLSST_m1hist.pdf, id=388, 348.687
06pt x 499.44217pt>
File: figures/popPlots/GlobularClusters/baseCrowd/EBLSST_m1hist.pdf Graphic fil
e (type pdf)
<use figures/popPlots/GlobularClusters/baseCrowd/EBLSST_m1hist.pdf>
Package pdftex.def Info: figures/popPlots/GlobularClusters/baseCrowd/EBLSST_m1h
ist.pdf  used on input line 392.
(pdftex.def)             Requested size: 153.93678pt x 220.49445pt.
<figures/popPlots/GlobularClusters/baseCrowd/EBLSST_dhist.pdf, id=389, 348.6870
6pt x 499.44217pt>
File: figures/popPlots/GlobularClusters/baseCrowd/EBLSST_dhist.pdf Graphic file
 (type pdf)
<use figures/popPlots/GlobularClusters/baseCrowd/EBLSST_dhist.pdf>
Package pdftex.def Info: figures/popPlots/GlobularClusters/baseCrowd/EBLSST_dhi
st.pdf  used on input line 394.
(pdftex.def)             Requested size: 153.93678pt x 220.49445pt.
<figures/popPlots/GlobularClusters/baseCrowd/EBLSST_maghist.pdf, id=390, 348.68
706pt x 499.44217pt>
File: figures/popPlots/GlobularClusters/baseCrowd/EBLSST_maghist.pdf Graphic fi
le (type pdf)
<use figures/popPlots/GlobularClusters/baseCrowd/EBLSST_maghist.pdf>
Package pdftex.def Info: figures/popPlots/GlobularClusters/baseCrowd/EBLSST_mag
hist.pdf  used on input line 396.
(pdftex.def)             Requested size: 153.93678pt x 220.49445pt.
<figures/popPlots/GlobularClusters/baseCrowd/EBLSST_ehist.pdf, id=391, 348.6870
6pt x 499.44217pt>
File: figures/popPlots/GlobularClusters/baseCrowd/EBLSST_ehist.pdf Graphic file
 (type pdf)
<use figures/popPlots/GlobularClusters/baseCrowd/EBLSST_ehist.pdf>
Package pdftex.def Info: figures/popPlots/GlobularClusters/baseCrowd/EBLSST_ehi
st.pdf  used on input line 398.
(pdftex.def)             Requested size: 153.93678pt x 220.49445pt.

LaTeX Warning: Float too large for page by 60.91444pt on input line 402.

<figures/popPlots/GlobularClusters/colCrowd/EBLSST_lphist.pdf, id=394, 349.8968
pt x 499.86864pt>
File: figures/popPlots/GlobularClusters/colCrowd/EBLSST_lphist.pdf Graphic file
 (type pdf)
<use figures/popPlots/GlobularClusters/colCrowd/EBLSST_lphist.pdf>
Package pdftex.def Info: figures/popPlots/GlobularClusters/colCrowd/EBLSST_lphi
st.pdf  used on input line 410.
(pdftex.def)             Requested size: 153.93678pt x 219.92pt.
<figures/popPlots/GlobularClusters/colCrowd/EBLSST_rhist.pdf, id=395, 348.68706
pt x 499.44217pt>
File: figures/popPlots/GlobularClusters/colCrowd/EBLSST_rhist.pdf Graphic file 
(type pdf)
<use figures/popPlots/GlobularClusters/colCrowd/EBLSST_rhist.pdf>
Package pdftex.def Info: figures/popPlots/GlobularClusters/colCrowd/EBLSST_rhis
t.pdf  used on input line 412.
(pdftex.def)             Requested size: 153.93678pt x 220.49445pt.
<figures/popPlots/GlobularClusters/colCrowd/EBLSST_qhist.pdf, id=396, 348.68706
pt x 499.44217pt>
File: figures/popPlots/GlobularClusters/colCrowd/EBLSST_qhist.pdf Graphic file 
(type pdf)
<use figures/popPlots/GlobularClusters/colCrowd/EBLSST_qhist.pdf>
Package pdftex.def Info: figures/popPlots/GlobularClusters/colCrowd/EBLSST_qhis
t.pdf  used on input line 414.
(pdftex.def)             Requested size: 153.93678pt x 220.49445pt.
<figures/popPlots/GlobularClusters/colCrowd/EBLSST_m1hist.pdf, id=397, 348.6870
6pt x 499.44217pt>
File: figures/popPlots/GlobularClusters/colCrowd/EBLSST_m1hist.pdf Graphic file
 (type pdf)
<use figures/popPlots/GlobularClusters/colCrowd/EBLSST_m1hist.pdf>
Package pdftex.def Info: figures/popPlots/GlobularClusters/colCrowd/EBLSST_m1hi
st.pdf  used on input line 416.
(pdftex.def)             Requested size: 153.93678pt x 220.49445pt.
<figures/popPlots/GlobularClusters/colCrowd/EBLSST_dhist.pdf, id=398, 348.68706
pt x 499.44217pt>
File: figures/popPlots/GlobularClusters/colCrowd/EBLSST_dhist.pdf Graphic file 
(type pdf)
<use figures/popPlots/GlobularClusters/colCrowd/EBLSST_dhist.pdf>
Package pdftex.def Info: figures/popPlots/GlobularClusters/colCrowd/EBLSST_dhis
t.pdf  used on input line 418.
(pdftex.def)             Requested size: 153.93678pt x 220.49445pt.
<figures/popPlots/GlobularClusters/colCrowd/EBLSST_maghist.pdf, id=399, 348.687
06pt x 499.44217pt>
File: figures/popPlots/GlobularClusters/colCrowd/EBLSST_maghist.pdf Graphic fil
e (type pdf)
<use figures/popPlots/GlobularClusters/colCrowd/EBLSST_maghist.pdf>
Package pdftex.def Info: figures/popPlots/GlobularClusters/colCrowd/EBLSST_magh
ist.pdf  used on input line 420.
(pdftex.def)             Requested size: 153.93678pt x 220.49445pt.
<figures/popPlots/GlobularClusters/colCrowd/EBLSST_ehist.pdf, id=400, 348.68706
pt x 499.44217pt>
File: figures/popPlots/GlobularClusters/colCrowd/EBLSST_ehist.pdf Graphic file 
(type pdf)
<use figures/popPlots/GlobularClusters/colCrowd/EBLSST_ehist.pdf>
Package pdftex.def Info: figures/popPlots/GlobularClusters/colCrowd/EBLSST_ehis
t.pdf  used on input line 422.
(pdftex.def)             Requested size: 153.93678pt x 220.49445pt.

LaTeX Warning: Float too large for page by 38.91444pt on input line 426.

<figures/popPlots/OpenClusters/baseCrowd/EBLSST_lphist.pdf, id=403, 349.8968pt 
x 499.44217pt>
File: figures/popPlots/OpenClusters/baseCrowd/EBLSST_lphist.pdf Graphic file (t
ype pdf)
<use figures/popPlots/OpenClusters/baseCrowd/EBLSST_lphist.pdf>
Package pdftex.def Info: figures/popPlots/OpenClusters/baseCrowd/EBLSST_lphist.
pdf  used on input line 434.
(pdftex.def)             Requested size: 153.93678pt x 219.73236pt.
<figures/popPlots/OpenClusters/baseCrowd/EBLSST_rhist.pdf, id=404, 348.68706pt 
x 499.44217pt>
File: figures/popPlots/OpenClusters/baseCrowd/EBLSST_rhist.pdf Graphic file (ty
pe pdf)
<use figures/popPlots/OpenClusters/baseCrowd/EBLSST_rhist.pdf>
Package pdftex.def Info: figures/popPlots/OpenClusters/baseCrowd/EBLSST_rhist.p
df  used on input line 436.
(pdftex.def)             Requested size: 153.93678pt x 220.49445pt.
<figures/popPlots/OpenClusters/baseCrowd/EBLSST_qhist.pdf, id=405, 348.68706pt 
x 499.44217pt>
File: figures/popPlots/OpenClusters/baseCrowd/EBLSST_qhist.pdf Graphic file (ty
pe pdf)
<use figures/popPlots/OpenClusters/baseCrowd/EBLSST_qhist.pdf>
Package pdftex.def Info: figures/popPlots/OpenClusters/baseCrowd/EBLSST_qhist.p
df  used on input line 438.
(pdftex.def)             Requested size: 153.93678pt x 220.49445pt.
<figures/popPlots/OpenClusters/baseCrowd/EBLSST_m1hist.pdf, id=406, 348.68706pt
 x 499.44217pt>
File: figures/popPlots/OpenClusters/baseCrowd/EBLSST_m1hist.pdf Graphic file (t
ype pdf)
<use figures/popPlots/OpenClusters/baseCrowd/EBLSST_m1hist.pdf>
Package pdftex.def Info: figures/popPlots/OpenClusters/baseCrowd/EBLSST_m1hist.
pdf  used on input line 440.
(pdftex.def)             Requested size: 153.93678pt x 220.49445pt.
<figures/popPlots/OpenClusters/baseCrowd/EBLSST_dhist.pdf, id=407, 348.68706pt 
x 499.44217pt>
File: figures/popPlots/OpenClusters/baseCrowd/EBLSST_dhist.pdf Graphic file (ty
pe pdf)
<use figures/popPlots/OpenClusters/baseCrowd/EBLSST_dhist.pdf>
Package pdftex.def Info: figures/popPlots/OpenClusters/baseCrowd/EBLSST_dhist.p
df  used on input line 442.
(pdftex.def)             Requested size: 153.93678pt x 220.49445pt.
<figures/popPlots/OpenClusters/baseCrowd/EBLSST_maghist.pdf, id=408, 348.68706p
t x 499.44217pt>
File: figures/popPlots/OpenClusters/baseCrowd/EBLSST_maghist.pdf Graphic file (
type pdf)
<use figures/popPlots/OpenClusters/baseCrowd/EBLSST_maghist.pdf>
Package pdftex.def Info: figures/popPlots/OpenClusters/baseCrowd/EBLSST_maghist
.pdf  used on input line 444.
(pdftex.def)             Requested size: 153.93678pt x 220.49445pt.
<figures/popPlots/OpenClusters/baseCrowd/EBLSST_ehist.pdf, id=409, 348.68706pt 
x 499.44217pt>
File: figures/popPlots/OpenClusters/baseCrowd/EBLSST_ehist.pdf Graphic file (ty
pe pdf)
<use figures/popPlots/OpenClusters/baseCrowd/EBLSST_ehist.pdf>
Package pdftex.def Info: figures/popPlots/OpenClusters/baseCrowd/EBLSST_ehist.p
df  used on input line 446.
(pdftex.def)             Requested size: 153.93678pt x 220.49445pt.

LaTeX Warning: Float too large for page by 38.91444pt on input line 451.

<figures/popPlots/OpenClusters/colCrowd/EBLSST_lphist.pdf, id=412, 349.8968pt x
 499.44217pt>
File: figures/popPlots/OpenClusters/colCrowd/EBLSST_lphist.pdf Graphic file (ty
pe pdf)
<use figures/popPlots/OpenClusters/colCrowd/EBLSST_lphist.pdf>
Package pdftex.def Info: figures/popPlots/OpenClusters/colCrowd/EBLSST_lphist.p
df  used on input line 457.
(pdftex.def)             Requested size: 153.93678pt x 219.73236pt.
<figures/popPlots/OpenClusters/colCrowd/EBLSST_rhist.pdf, id=413, 348.68706pt x
 499.44217pt>
File: figures/popPlots/OpenClusters/colCrowd/EBLSST_rhist.pdf Graphic file (typ
e pdf)
<use figures/popPlots/OpenClusters/colCrowd/EBLSST_rhist.pdf>
Package pdftex.def Info: figures/popPlots/OpenClusters/colCrowd/EBLSST_rhist.pd
f  used on input line 459.
(pdftex.def)             Requested size: 153.93678pt x 220.49445pt.
<figures/popPlots/OpenClusters/colCrowd/EBLSST_qhist.pdf, id=414, 348.68706pt x
 499.44217pt>
File: figures/popPlots/OpenClusters/colCrowd/EBLSST_qhist.pdf Graphic file (typ
e pdf)
<use figures/popPlots/OpenClusters/colCrowd/EBLSST_qhist.pdf>
Package pdftex.def Info: figures/popPlots/OpenClusters/colCrowd/EBLSST_qhist.pd
f  used on input line 461.
(pdftex.def)             Requested size: 153.93678pt x 220.49445pt.
<figures/popPlots/OpenClusters/colCrowd/EBLSST_m1hist.pdf, id=415, 348.68706pt 
x 499.44217pt>
File: figures/popPlots/OpenClusters/colCrowd/EBLSST_m1hist.pdf Graphic file (ty
pe pdf)
<use figures/popPlots/OpenClusters/colCrowd/EBLSST_m1hist.pdf>
Package pdftex.def Info: figures/popPlots/OpenClusters/colCrowd/EBLSST_m1hist.p
df  used on input line 463.
(pdftex.def)             Requested size: 153.93678pt x 220.49445pt.
<figures/popPlots/OpenClusters/colCrowd/EBLSST_dhist.pdf, id=416, 348.68706pt x
 499.44217pt>
File: figures/popPlots/OpenClusters/colCrowd/EBLSST_dhist.pdf Graphic file (typ
e pdf)
<use figures/popPlots/OpenClusters/colCrowd/EBLSST_dhist.pdf>
Package pdftex.def Info: figures/popPlots/OpenClusters/colCrowd/EBLSST_dhist.pd
f  used on input line 465.
(pdftex.def)             Requested size: 153.93678pt x 220.49445pt.
<figures/popPlots/OpenClusters/colCrowd/EBLSST_maghist.pdf, id=417, 348.68706pt
 x 499.44217pt>
File: figures/popPlots/OpenClusters/colCrowd/EBLSST_maghist.pdf Graphic file (t
ype pdf)
<use figures/popPlots/OpenClusters/colCrowd/EBLSST_maghist.pdf>
Package pdftex.def Info: figures/popPlots/OpenClusters/colCrowd/EBLSST_maghist.
pdf  used on input line 467.
(pdftex.def)             Requested size: 153.93678pt x 220.49445pt.
<figures/popPlots/OpenClusters/colCrowd/EBLSST_ehist.pdf, id=418, 348.68706pt x
 499.44217pt>
File: figures/popPlots/OpenClusters/colCrowd/EBLSST_ehist.pdf Graphic file (typ
e pdf)
<use figures/popPlots/OpenClusters/colCrowd/EBLSST_ehist.pdf>
Package pdftex.def Info: figures/popPlots/OpenClusters/colCrowd/EBLSST_ehist.pd
f  used on input line 469.
(pdftex.def)             Requested size: 153.93678pt x 220.49445pt.

LaTeX Warning: Float too large for page by 38.91444pt on input line 474.

<figures/mollweides/recoveryMollweides/GCs/mollweide_pct_gbc.pdf, id=421, 493.3
5358pt x 224.5232pt>
File: figures/mollweides/recoveryMollweides/GCs/mollweide_pct_gbc.pdf Graphic f
ile (type pdf)
<use figures/mollweides/recoveryMollweides/GCs/mollweide_pct_gbc.pdf>
Package pdftex.def Info: figures/mollweides/recoveryMollweides/GCs/mollweide_pc
t_gbc.pdf  used on input line 484.
(pdftex.def)             Requested size: 230.90128pt x 105.08395pt.
<figures/mollweides/recoveryMollweides/GCs/mollweide_N_gbc.pdf, id=422, 486.970
35pt x 224.5232pt>
File: figures/mollweides/recoveryMollweides/GCs/mollweide_N_gbc.pdf Graphic fil
e (type pdf)
<use figures/mollweides/recoveryMollweides/GCs/mollweide_N_gbc.pdf>
Package pdftex.def Info: figures/mollweides/recoveryMollweides/GCs/mollweide_N_
gbc.pdf  used on input line 487.
(pdftex.def)             Requested size: 230.90128pt x 106.45776pt.
<figures/mollweides/recoveryMollweides/GCs/mollweide_pct_gcc.pdf, id=423, 499.7
3679pt x 224.5232pt>
File: figures/mollweides/recoveryMollweides/GCs/mollweide_pct_gcc.pdf Graphic f
ile (type pdf)
<use figures/mollweides/recoveryMollweides/GCs/mollweide_pct_gcc.pdf>
Package pdftex.def Info: figures/mollweides/recoveryMollweides/GCs/mollweide_pc
t_gcc.pdf  used on input line 499.
(pdftex.def)             Requested size: 230.90128pt x 103.73756pt.
<figures/mollweides/recoveryMollweides/GCs/mollweide_N_gcc.pdf, id=424, 495.376
75pt x 224.5232pt>
File: figures/mollweides/recoveryMollweides/GCs/mollweide_N_gcc.pdf Graphic fil
e (type pdf)
<use figures/mollweides/recoveryMollweides/GCs/mollweide_N_gcc.pdf>
Package pdftex.def Info: figures/mollweides/recoveryMollweides/GCs/mollweide_N_
gcc.pdf  used on input line 502.
(pdftex.def)             Requested size: 230.90128pt x 104.65228pt.
<figures/mollweides/recoveryMollweides/OCs/mollweide_pct_obc.pdf, id=425, 499.7
3679pt x 224.5232pt>
File: figures/mollweides/recoveryMollweides/OCs/mollweide_pct_obc.pdf Graphic f
ile (type pdf)
<use figures/mollweides/recoveryMollweides/OCs/mollweide_pct_obc.pdf>
Package pdftex.def Info: figures/mollweides/recoveryMollweides/OCs/mollweide_pc
t_obc.pdf  used on input line 512.
(pdftex.def)             Requested size: 230.90128pt x 103.73756pt.
<figures/mollweides/recoveryMollweides/OCs/mollweide_N_obc.pdf, id=426, 495.376
75pt x 224.5232pt>
File: figures/mollweides/recoveryMollweides/OCs/mollweide_N_obc.pdf Graphic fil
e (type pdf)
<use figures/mollweides/recoveryMollweides/OCs/mollweide_N_obc.pdf>
Package pdftex.def Info: figures/mollweides/recoveryMollweides/OCs/mollweide_N_
obc.pdf  used on input line 515.
(pdftex.def)             Requested size: 230.90128pt x 104.65228pt.
<figures/mollweides/recoveryMollweides/OCs/mollweide_pct_occ.pdf, id=427, 493.3
5358pt x 224.5232pt>
File: figures/mollweides/recoveryMollweides/OCs/mollweide_pct_occ.pdf Graphic f
ile (type pdf)
<use figures/mollweides/recoveryMollweides/OCs/mollweide_pct_occ.pdf>
Package pdftex.def Info: figures/mollweides/recoveryMollweides/OCs/mollweide_pc
t_occ.pdf  used on input line 525.
(pdftex.def)             Requested size: 230.90128pt x 105.08395pt.
<figures/mollweides/recoveryMollweides/OCs/mollweide_N_occ.pdf, id=428, 495.376
75pt x 224.5232pt>
File: figures/mollweides/recoveryMollweides/OCs/mollweide_N_occ.pdf Graphic fil
e (type pdf)
<use figures/mollweides/recoveryMollweides/OCs/mollweide_N_occ.pdf>
Package pdftex.def Info: figures/mollweides/recoveryMollweides/OCs/mollweide_N_
occ.pdf  used on input line 528.
(pdftex.def)             Requested size: 230.90128pt x 104.65228pt.
<figures/cornerPlots/GlobularClusters/obs-GBC-cornerPlot-contour.pdf, id=429, 1
308.08694pt x 1308.08694pt>
File: figures/cornerPlots/GlobularClusters/obs-GBC-cornerPlot-contour.pdf Graph
ic file (type pdf)
<use figures/cornerPlots/GlobularClusters/obs-GBC-cornerPlot-contour.pdf>
Package pdftex.def Info: figures/cornerPlots/GlobularClusters/obs-GBC-cornerPlo
t-contour.pdf  used on input line 543.
(pdftex.def)             Requested size: 436.15294pt x 436.14102pt.
<figures/cornerPlots/GlobularClusters/rec-GBC-cornerPlot-contour.pdf, id=432, 1
308.08694pt x 1308.08694pt>
File: figures/cornerPlots/GlobularClusters/rec-GBC-cornerPlot-contour.pdf Graph
ic file (type pdf)
<use figures/cornerPlots/GlobularClusters/rec-GBC-cornerPlot-contour.pdf>
Package pdftex.def Info: figures/cornerPlots/GlobularClusters/rec-GBC-cornerPlo
t-contour.pdf  used on input line 550.
(pdftex.def)             Requested size: 436.15294pt x 436.14102pt.
<figures/cornerPlots/GlobularClusters/obs-GCC-cornerPlot-contour.pdf, id=433, 1
308.08694pt x 1308.08694pt>
File: figures/cornerPlots/GlobularClusters/obs-GCC-cornerPlot-contour.pdf Graph
ic file (type pdf)
<use figures/cornerPlots/GlobularClusters/obs-GCC-cornerPlot-contour.pdf>
Package pdftex.def Info: figures/cornerPlots/GlobularClusters/obs-GCC-cornerPlo
t-contour.pdf  used on input line 560.
(pdftex.def)             Requested size: 436.15294pt x 436.14102pt.
<figures/cornerPlots/GlobularClusters/rec-GCC-cornerPlot-contour.pdf, id=436, 1
308.08694pt x 1308.08694pt>
File: figures/cornerPlots/GlobularClusters/rec-GCC-cornerPlot-contour.pdf Graph
ic file (type pdf)
<use figures/cornerPlots/GlobularClusters/rec-GCC-cornerPlot-contour.pdf>
Package pdftex.def Info: figures/cornerPlots/GlobularClusters/rec-GCC-cornerPlo
t-contour.pdf  used on input line 568.
(pdftex.def)             Requested size: 436.15294pt x 436.14102pt.
<figures/cornerPlots/OpenClusters/obs-OBC-cornerPlot-contour.pdf, id=439, 1308.
08694pt x 1308.08694pt>
File: figures/cornerPlots/OpenClusters/obs-OBC-cornerPlot-contour.pdf Graphic f
ile (type pdf)
<use figures/cornerPlots/OpenClusters/obs-OBC-cornerPlot-contour.pdf>
Package pdftex.def Info: figures/cornerPlots/OpenClusters/obs-OBC-cornerPlot-co
ntour.pdf  used on input line 577.
(pdftex.def)             Requested size: 436.15294pt x 436.14102pt.
<figures/cornerPlots/OpenClusters/rec-OBC-cornerPlot-contour.pdf, id=442, 1308.
08694pt x 1308.08694pt>
File: figures/cornerPlots/OpenClusters/rec-OBC-cornerPlot-contour.pdf Graphic f
ile (type pdf)
<use figures/cornerPlots/OpenClusters/rec-OBC-cornerPlot-contour.pdf>
Package pdftex.def Info: figures/cornerPlots/OpenClusters/rec-OBC-cornerPlot-co
ntour.pdf  used on input line 585.
(pdftex.def)             Requested size: 436.15294pt x 436.14102pt.
<figures/cornerPlots/OpenClusters/obs-OCC-cornerPlot-contour.pdf, id=445, 1308.
08694pt x 1308.08694pt>
File: figures/cornerPlots/OpenClusters/obs-OCC-cornerPlot-contour.pdf Graphic f
ile (type pdf)
<use figures/cornerPlots/OpenClusters/obs-OCC-cornerPlot-contour.pdf>
Package pdftex.def Info: figures/cornerPlots/OpenClusters/obs-OCC-cornerPlot-co
ntour.pdf  used on input line 594.
(pdftex.def)             Requested size: 436.15294pt x 436.14102pt.
<figures/cornerPlots/OpenClusters/rec-OCC-cornerPlot-contour.pdf, id=448, 1308.
08694pt x 1308.08694pt>
File: figures/cornerPlots/OpenClusters/rec-OCC-cornerPlot-contour.pdf Graphic f
ile (type pdf)
<use figures/cornerPlots/OpenClusters/rec-OCC-cornerPlot-contour.pdf>
Package pdftex.def Info: figures/cornerPlots/OpenClusters/rec-OCC-cornerPlot-co
ntour.pdf  used on input line 602.
(pdftex.def)             Requested size: 436.15294pt x 436.14102pt.
[5] [6 <./figures/popPlots/GlobularClusters/baseCrowd/EBLSST_lphist.pdf> <./fig
ures/popPlots/GlobularClusters/baseCrowd/EBLSST_rhist.pdf

pdfTeX warning: /Library/TeX/texbin/pdflatex (file ./figures/popPlots/GlobularC
lusters/baseCrowd/EBLSST_rhist.pdf): PDF inclusion: multiple pdfs with page gro
up included in a single page
> <./figures/popPlots/GlobularClusters/baseCrowd/EBLSST_qhist.pdf

pdfTeX warning: /Library/TeX/texbin/pdflatex (file ./figures/popPlots/GlobularC
lusters/baseCrowd/EBLSST_qhist.pdf): PDF inclusion: multiple pdfs with page gro
up included in a single page
> <./figures/popPlots/GlobularClusters/baseCrowd/EBLSST_m1hist.pdf

pdfTeX warning: /Library/TeX/texbin/pdflatex (file ./figures/popPlots/GlobularC
lusters/baseCrowd/EBLSST_m1hist.pdf): PDF inclusion: multiple pdfs with page gr
oup included in a single page
> <./figures/popPlots/GlobularClusters/baseCrowd/EBLSST_dhist.pdf

pdfTeX warning: /Library/TeX/texbin/pdflatex (file ./figures/popPlots/GlobularC
lusters/baseCrowd/EBLSST_dhist.pdf): PDF inclusion: multiple pdfs with page gro
up included in a single page
> <./figures/popPlots/GlobularClusters/baseCrowd/EBLSST_maghist.pdf

pdfTeX warning: /Library/TeX/texbin/pdflatex (file ./figures/popPlots/GlobularC
lusters/baseCrowd/EBLSST_maghist.pdf): PDF inclusion: multiple pdfs with page g
roup included in a single page
> <./figures/popPlots/GlobularClusters/baseCrowd/EBLSST_ehist.pdf

pdfTeX warning: /Library/TeX/texbin/pdflatex (file ./figures/popPlots/GlobularC
lusters/baseCrowd/EBLSST_ehist.pdf): PDF inclusion: multiple pdfs with page gro
up included in a single page
>]

LaTeX Warning: A float is stuck (cannot be placed) on input line 625.

[7 <./figures/popPlots/GlobularClusters/colCrowd/EBLSST_lphist.pdf> <./figures/
popPlots/GlobularClusters/colCrowd/EBLSST_rhist.pdf

pdfTeX warning: /Library/TeX/texbin/pdflatex (file ./figures/popPlots/GlobularC
lusters/colCrowd/EBLSST_rhist.pdf): PDF inclusion: multiple pdfs with page grou
p included in a single page
> <./figures/popPlots/GlobularClusters/colCrowd/EBLSST_qhist.pdf

pdfTeX warning: /Library/TeX/texbin/pdflatex (file ./figures/popPlots/GlobularC
lusters/colCrowd/EBLSST_qhist.pdf): PDF inclusion: multiple pdfs with page grou
p included in a single page
> <./figures/popPlots/GlobularClusters/colCrowd/EBLSST_m1hist.pdf

pdfTeX warning: /Library/TeX/texbin/pdflatex (file ./figures/popPlots/GlobularC
lusters/colCrowd/EBLSST_m1hist.pdf): PDF inclusion: multiple pdfs with page gro
up included in a single page
> <./figures/popPlots/GlobularClusters/colCrowd/EBLSST_dhist.pdf

pdfTeX warning: /Library/TeX/texbin/pdflatex (file ./figures/popPlots/GlobularC
lusters/colCrowd/EBLSST_dhist.pdf): PDF inclusion: multiple pdfs with page grou
p included in a single page
> <./figures/popPlots/GlobularClusters/colCrowd/EBLSST_maghist.pdf

pdfTeX warning: /Library/TeX/texbin/pdflatex (file ./figures/popPlots/GlobularC
lusters/colCrowd/EBLSST_maghist.pdf): PDF inclusion: multiple pdfs with page gr
oup included in a single page
> <./figures/popPlots/GlobularClusters/colCrowd/EBLSST_ehist.pdf

pdfTeX warning: /Library/TeX/texbin/pdflatex (file ./figures/popPlots/GlobularC
lusters/colCrowd/EBLSST_ehist.pdf): PDF inclusion: multiple pdfs with page grou
p included in a single page
>]

LaTeX Warning: A float is stuck (cannot be placed) on input line 625.


Class revtex4-1 Warning: Deferred float stuck during \clearpage processing.

[8 <./figures/popPlots/OpenClusters/baseCrowd/EBLSST_lphist.pdf> <./figures/pop
Plots/OpenClusters/baseCrowd/EBLSST_rhist.pdf

pdfTeX warning: /Library/TeX/texbin/pdflatex (file ./figures/popPlots/OpenClust
ers/baseCrowd/EBLSST_rhist.pdf): PDF inclusion: multiple pdfs with page group i
ncluded in a single page
> <./figures/popPlots/OpenClusters/baseCrowd/EBLSST_qhist.pdf

pdfTeX warning: /Library/TeX/texbin/pdflatex (file ./figures/popPlots/OpenClust
ers/baseCrowd/EBLSST_qhist.pdf): PDF inclusion: multiple pdfs with page group i
ncluded in a single page
> <./figures/popPlots/OpenClusters/baseCrowd/EBLSST_m1hist.pdf

pdfTeX warning: /Library/TeX/texbin/pdflatex (file ./figures/popPlots/OpenClust
ers/baseCrowd/EBLSST_m1hist.pdf): PDF inclusion: multiple pdfs with page group 
included in a single page
> <./figures/popPlots/OpenClusters/baseCrowd/EBLSST_dhist.pdf

pdfTeX warning: /Library/TeX/texbin/pdflatex (file ./figures/popPlots/OpenClust
ers/baseCrowd/EBLSST_dhist.pdf): PDF inclusion: multiple pdfs with page group i
ncluded in a single page
> <./figures/popPlots/OpenClusters/baseCrowd/EBLSST_maghist.pdf

pdfTeX warning: /Library/TeX/texbin/pdflatex (file ./figures/popPlots/OpenClust
ers/baseCrowd/EBLSST_maghist.pdf): PDF inclusion: multiple pdfs with page group
 included in a single page
> <./figures/popPlots/OpenClusters/baseCrowd/EBLSST_ehist.pdf

pdfTeX warning: /Library/TeX/texbin/pdflatex (file ./figures/popPlots/OpenClust
ers/baseCrowd/EBLSST_ehist.pdf): PDF inclusion: multiple pdfs with page group i
ncluded in a single page
>]

LaTeX Warning: A float is stuck (cannot be placed) on input line 625.

[9 <./figures/popPlots/OpenClusters/colCrowd/EBLSST_lphist.pdf> <./figures/popP
lots/OpenClusters/colCrowd/EBLSST_rhist.pdf

pdfTeX warning: /Library/TeX/texbin/pdflatex (file ./figures/popPlots/OpenClust
ers/colCrowd/EBLSST_rhist.pdf): PDF inclusion: multiple pdfs with page group in
cluded in a single page
> <./figures/popPlots/OpenClusters/colCrowd/EBLSST_qhist.pdf

pdfTeX warning: /Library/TeX/texbin/pdflatex (file ./figures/popPlots/OpenClust
ers/colCrowd/EBLSST_qhist.pdf): PDF inclusion: multiple pdfs with page group in
cluded in a single page
> <./figures/popPlots/OpenClusters/colCrowd/EBLSST_m1hist.pdf

pdfTeX warning: /Library/TeX/texbin/pdflatex (file ./figures/popPlots/OpenClust
ers/colCrowd/EBLSST_m1hist.pdf): PDF inclusion: multiple pdfs with page group i
ncluded in a single page
> <./figures/popPlots/OpenClusters/colCrowd/EBLSST_dhist.pdf

pdfTeX warning: /Library/TeX/texbin/pdflatex (file ./figures/popPlots/OpenClust
ers/colCrowd/EBLSST_dhist.pdf): PDF inclusion: multiple pdfs with page group in
cluded in a single page
> <./figures/popPlots/OpenClusters/colCrowd/EBLSST_maghist.pdf

pdfTeX warning: /Library/TeX/texbin/pdflatex (file ./figures/popPlots/OpenClust
ers/colCrowd/EBLSST_maghist.pdf): PDF inclusion: multiple pdfs with page group 
included in a single page
> <./figures/popPlots/OpenClusters/colCrowd/EBLSST_ehist.pdf

pdfTeX warning: /Library/TeX/texbin/pdflatex (file ./figures/popPlots/OpenClust
ers/colCrowd/EBLSST_ehist.pdf): PDF inclusion: multiple pdfs with page group in
cluded in a single page
>]

LaTeX Warning: A float is stuck (cannot be placed) on input line 625.


Class revtex4-1 Warning: Deferred float stuck during \clearpage processing.

[10 <./figures/mollweides/recoveryMollweides/GCs/mollweide_pct_gbc.pdf> <./figu
res/mollweides/recoveryMollweides/GCs/mollweide_N_gbc.pdf

pdfTeX warning: /Library/TeX/texbin/pdflatex (file ./figures/mollweides/recover
yMollweides/GCs/mollweide_N_gbc.pdf): PDF inclusion: multiple pdfs with page gr
oup included in a single page
> <./figures/mollweides/recoveryMollweides/GCs/mollweide_pct_gcc.pdf

pdfTeX warning: /Library/TeX/texbin/pdflatex (file ./figures/mollweides/recover
yMollweides/GCs/mollweide_pct_gcc.pdf): PDF inclusion: multiple pdfs with page 
group included in a single page
> <./figures/mollweides/recoveryMollweides/GCs/mollweide_N_gcc.pdf

pdfTeX warning: /Library/TeX/texbin/pdflatex (file ./figures/mollweides/recover
yMollweides/GCs/mollweide_N_gcc.pdf): PDF inclusion: multiple pdfs with page gr
oup included in a single page
> <./figures/mollweides/recoveryMollweides/OCs/mollweide_pct_obc.pdf

pdfTeX warning: /Library/TeX/texbin/pdflatex (file ./figures/mollweides/recover
yMollweides/OCs/mollweide_pct_obc.pdf): PDF inclusion: multiple pdfs with page 
group included in a single page
> <./figures/mollweides/recoveryMollweides/OCs/mollweide_N_obc.pdf

pdfTeX warning: /Library/TeX/texbin/pdflatex (file ./figures/mollweides/recover
yMollweides/OCs/mollweide_N_obc.pdf): PDF inclusion: multiple pdfs with page gr
oup included in a single page
> <./figures/mollweides/recoveryMollweides/OCs/mollweide_pct_occ.pdf

pdfTeX warning: /Library/TeX/texbin/pdflatex (file ./figures/mollweides/recover
yMollweides/OCs/mollweide_pct_occ.pdf): PDF inclusion: multiple pdfs with page 
group included in a single page
> <./figures/mollweides/recoveryMollweides/OCs/mollweide_N_occ.pdf

pdfTeX warning: /Library/TeX/texbin/pdflatex (file ./figures/mollweides/recover
yMollweides/OCs/mollweide_N_occ.pdf): PDF inclusion: multiple pdfs with page gr
oup included in a single page
>]

Class revtex4-1 Warning: Dequeueing of floats stalled.


LaTeX Warning: A float is stuck (cannot be placed) on input line 630.

[11 <./figures/cornerPlots/GlobularClusters/obs-GBC-cornerPlot-contour.pdf>]

LaTeX Warning: A float is stuck (cannot be placed) on input line 630.


Class revtex4-1 Warning: Deferred float stuck during \clearpage processing.


Overfull \hbox (25.61638pt too wide) in paragraph at lines 644--657
 []$ 
 []

[12 <./figures/cornerPlots/GlobularClusters/rec-GBC-cornerPlot-contour.pdf>]

Class revtex4-1 Warning: Dequeueing of floats stalled.


LaTeX Warning: A float is stuck (cannot be placed) on input line 678.

[13 <./figures/cornerPlots/GlobularClusters/obs-GCC-cornerPlot-contour.pdf>]

LaTeX Warning: A float is stuck (cannot be placed) on input line 678.


Class revtex4-1 Warning: Deferred float stuck during \clearpage processing.


Class revtex4-1 Warning: Dequeueing of floats stalled.


LaTeX Warning: No positions in optional float specifier.
               Default added (so using `tbp') on input line 684.

[14]

Class revtex4-1 Warning: Dequeueing of floats stalled.


LaTeX Warning: A float is stuck (cannot be placed) on input line 723.

[15 <./figures/cornerPlots/GlobularClusters/rec-GCC-cornerPlot-contour.pdf>]

LaTeX Warning: A float is stuck (cannot be placed) on input line 723.


Class revtex4-1 Warning: Deferred float stuck during \clearpage processing.


Class revtex4-1 Warning: Dequeueing of floats stalled.

(./main.bbl [16]

LaTeX Warning: A float is stuck (cannot be placed) on input line 1.

[17 <./figures/cornerPlots/OpenClusters/obs-OBC-cornerPlot-contour.pdf>]

LaTeX Warning: A float is stuck (cannot be placed) on input line 1.

[18 <./figures/cornerPlots/OpenClusters/rec-OBC-cornerPlot-contour.pdf>]

LaTeX Warning: A float is stuck (cannot be placed) on input line 1.

[19 <./figures/cornerPlots/OpenClusters/obs-OCC-cornerPlot-contour.pdf>]

LaTeX Warning: A float is stuck (cannot be placed) on input line 1.

[20 <./figures/cornerPlots/OpenClusters/rec-OCC-cornerPlot-contour.pdf>])
[21]
Underfull \hbox (badness 10000) in paragraph at lines 797--799

 []


Underfull \hbox (badness 10000) in paragraph at lines 801--802

 []


Underfull \hbox (badness 10000) in paragraph at lines 805--812

 []

<figures/cornerPlots/GlobularClusters/all-GBN-cornerPlot-contour.pdf, id=2842, 
1308.08694pt x 1308.08694pt>
File: figures/cornerPlots/GlobularClusters/all-GBN-cornerPlot-contour.pdf Graph
ic file (type pdf)
<use figures/cornerPlots/GlobularClusters/all-GBN-cornerPlot-contour.pdf>
Package pdftex.def Info: figures/cornerPlots/GlobularClusters/all-GBN-cornerPlo
t-contour.pdf  used on input line 818.
(pdftex.def)             Requested size: 513.11743pt x 513.10591pt.
[22] [23 <./figures/cornerPlots/GlobularClusters/all-GBN-cornerPlot-contour.pdf
>]
<figures/cornerPlots/GlobularClusters/obs-GBN-cornerPlot-contour.pdf, id=3010, 
1308.08694pt x 1308.08694pt>
File: figures/cornerPlots/GlobularClusters/obs-GBN-cornerPlot-contour.pdf Graph
ic file (type pdf)
<use figures/cornerPlots/GlobularClusters/obs-GBN-cornerPlot-contour.pdf>
Package pdftex.def Info: figures/cornerPlots/GlobularClusters/obs-GBN-cornerPlo
t-contour.pdf  used on input line 826.
(pdftex.def)             Requested size: 513.11743pt x 513.10591pt.
 [24 <./figures/cornerPlots/GlobularClusters/obs-GBN-cornerPlot-contour.pdf>]
<figures/cornerPlots/GlobularClusters/rec-GBN-cornerPlot-contour.pdf, id=3178, 
1308.08694pt x 1308.08694pt>
File: figures/cornerPlots/GlobularClusters/rec-GBN-cornerPlot-contour.pdf Graph
ic file (type pdf)
<use figures/cornerPlots/GlobularClusters/rec-GBN-cornerPlot-contour.pdf>
Package pdftex.def Info: figures/cornerPlots/GlobularClusters/rec-GBN-cornerPlo
t-contour.pdf  used on input line 834.
(pdftex.def)             Requested size: 513.11743pt x 513.10591pt.
[25 <./figures/cornerPlots/GlobularClusters/rec-GBN-cornerPlot-contour.pdf>]
<figures/cornerPlots/GlobularClusters/all-GBC-cornerPlot-contour.pdf, id=3342, 
1308.08694pt x 1308.08694pt>
File: figures/cornerPlots/GlobularClusters/all-GBC-cornerPlot-contour.pdf Graph
ic file (type pdf)
<use figures/cornerPlots/GlobularClusters/all-GBC-cornerPlot-contour.pdf>
Package pdftex.def Info: figures/cornerPlots/GlobularClusters/all-GBC-cornerPlo
t-contour.pdf  used on input line 844.
(pdftex.def)             Requested size: 513.11743pt x 513.10591pt.

[26 <./figures/cornerPlots/GlobularClusters/all-GBC-cornerPlot-contour.pdf>]
File: figures/cornerPlots/GlobularClusters/obs-GBC-cornerPlot-contour.pdf Graph
ic file (type pdf)
<use figures/cornerPlots/GlobularClusters/obs-GBC-cornerPlot-contour.pdf>
Package pdftex.def Info: figures/cornerPlots/GlobularClusters/obs-GBC-cornerPlo
t-contour.pdf  used on input line 852.
(pdftex.def)             Requested size: 513.11743pt x 513.10591pt.

[27]
File: figures/cornerPlots/GlobularClusters/rec-GBC-cornerPlot-contour.pdf Graph
ic file (type pdf)
<use figures/cornerPlots/GlobularClusters/rec-GBC-cornerPlot-contour.pdf>
Package pdftex.def Info: figures/cornerPlots/GlobularClusters/rec-GBC-cornerPlo
t-contour.pdf  used on input line 860.
(pdftex.def)             Requested size: 513.11743pt x 513.10591pt.
<figures/cornerPlots/GlobularClusters/all-GCN-cornerPlot-contour.pdf, id=3508, 
1308.08694pt x 1308.08694pt>
File: figures/cornerPlots/GlobularClusters/all-GCN-cornerPlot-contour.pdf Graph
ic file (type pdf)
<use figures/cornerPlots/GlobularClusters/all-GCN-cornerPlot-contour.pdf>
Package pdftex.def Info: figures/cornerPlots/GlobularClusters/all-GCN-cornerPlo
t-contour.pdf  used on input line 869.
(pdftex.def)             Requested size: 513.11743pt x 513.10591pt.
 [28] [29 <./figures/cornerPlots/GlobularClusters/all-GCN-cornerPlot-contour.pd
f>]
<figures/cornerPlots/GlobularClusters/obs-GCN-cornerPlot-contour.pdf, id=3675, 
1308.08694pt x 1308.08694pt>
File: figures/cornerPlots/GlobularClusters/obs-GCN-cornerPlot-contour.pdf Graph
ic file (type pdf)
<use figures/cornerPlots/GlobularClusters/obs-GCN-cornerPlot-contour.pdf>
Package pdftex.def Info: figures/cornerPlots/GlobularClusters/obs-GCN-cornerPlo
t-contour.pdf  used on input line 877.
(pdftex.def)             Requested size: 513.11743pt x 513.10591pt.
 [30 <./figures/cornerPlots/GlobularClusters/obs-GCN-cornerPlot-contour.pdf>]
<figures/cornerPlots/GlobularClusters/rec-GCN-cornerPlot-contour.pdf, id=3839, 
1308.08694pt x 1308.08694pt>
File: figures/cornerPlots/GlobularClusters/rec-GCN-cornerPlot-contour.pdf Graph
ic file (type pdf)
<use figures/cornerPlots/GlobularClusters/rec-GCN-cornerPlot-contour.pdf>
Package pdftex.def Info: figures/cornerPlots/GlobularClusters/rec-GCN-cornerPlo
t-contour.pdf  used on input line 885.
(pdftex.def)             Requested size: 513.11743pt x 513.10591pt.
 [31 <./figures/cornerPlots/GlobularClusters/rec-GCN-cornerPlot-contour.pdf>]
<figures/cornerPlots/GlobularClusters/all-GCC-cornerPlot-contour.pdf, id=4004, 
1308.08694pt x 1308.08694pt>
File: figures/cornerPlots/GlobularClusters/all-GCC-cornerPlot-contour.pdf Graph
ic file (type pdf)
<use figures/cornerPlots/GlobularClusters/all-GCC-cornerPlot-contour.pdf>
Package pdftex.def Info: figures/cornerPlots/GlobularClusters/all-GCC-cornerPlo
t-contour.pdf  used on input line 895.
(pdftex.def)             Requested size: 513.11743pt x 513.10591pt.
 [32 <./figures/cornerPlots/GlobularClusters/all-GCC-cornerPlot-contour.pdf>]
File: figures/cornerPlots/GlobularClusters/obs-GCC-cornerPlot-contour.pdf Graph
ic file (type pdf)
<use figures/cornerPlots/GlobularClusters/obs-GCC-cornerPlot-contour.pdf>
Package pdftex.def Info: figures/cornerPlots/GlobularClusters/obs-GCC-cornerPlo
t-contour.pdf  used on input line 903.
(pdftex.def)             Requested size: 513.11743pt x 513.10591pt.
 [33]
File: figures/cornerPlots/GlobularClusters/rec-GCC-cornerPlot-contour.pdf Graph
ic file (type pdf)
<use figures/cornerPlots/GlobularClusters/rec-GCC-cornerPlot-contour.pdf>
Package pdftex.def Info: figures/cornerPlots/GlobularClusters/rec-GCC-cornerPlo
t-contour.pdf  used on input line 911.
(pdftex.def)             Requested size: 513.11743pt x 513.10591pt.
 [34]
<figures/cornerPlots/OpenClusters/all-OBN-cornerPlot-contour.pdf, id=4174, 1308
.08694pt x 1308.08694pt>
File: figures/cornerPlots/OpenClusters/all-OBN-cornerPlot-contour.pdf Graphic f
ile (type pdf)
<use figures/cornerPlots/OpenClusters/all-OBN-cornerPlot-contour.pdf>
Package pdftex.def Info: figures/cornerPlots/OpenClusters/all-OBN-cornerPlot-co
ntour.pdf  used on input line 925.
(pdftex.def)             Requested size: 513.11743pt x 513.10591pt.
 [35 <./figures/cornerPlots/OpenClusters/all-OBN-cornerPlot-contour.pdf>]
<figures/cornerPlots/OpenClusters/obs-OBN-cornerPlot-contour.pdf, id=4337, 1308
.08694pt x 1308.08694pt>
File: figures/cornerPlots/OpenClusters/obs-OBN-cornerPlot-contour.pdf Graphic f
ile (type pdf)
<use figures/cornerPlots/OpenClusters/obs-OBN-cornerPlot-contour.pdf>
Package pdftex.def Info: figures/cornerPlots/OpenClusters/obs-OBN-cornerPlot-co
ntour.pdf  used on input line 933.
(pdftex.def)             Requested size: 513.11743pt x 513.10591pt.
 [36 <./figures/cornerPlots/OpenClusters/obs-OBN-cornerPlot-contour.pdf>]
<figures/cornerPlots/OpenClusters/rec-OBN-cornerPlot-contour.pdf, id=4502, 1308
.08694pt x 1308.08694pt>
File: figures/cornerPlots/OpenClusters/rec-OBN-cornerPlot-contour.pdf Graphic f
ile (type pdf)
<use figures/cornerPlots/OpenClusters/rec-OBN-cornerPlot-contour.pdf>
Package pdftex.def Info: figures/cornerPlots/OpenClusters/rec-OBN-cornerPlot-co
ntour.pdf  used on input line 941.
(pdftex.def)             Requested size: 513.11743pt x 513.10591pt.

[37 <./figures/cornerPlots/OpenClusters/rec-OBN-cornerPlot-contour.pdf>]
<figures/cornerPlots/OpenClusters/all-OBC-cornerPlot-contour.pdf, id=4666, 1308
.08694pt x 1308.08694pt>
File: figures/cornerPlots/OpenClusters/all-OBC-cornerPlot-contour.pdf Graphic f
ile (type pdf)
<use figures/cornerPlots/OpenClusters/all-OBC-cornerPlot-contour.pdf>
Package pdftex.def Info: figures/cornerPlots/OpenClusters/all-OBC-cornerPlot-co
ntour.pdf  used on input line 951.
(pdftex.def)             Requested size: 513.11743pt x 513.10591pt.

[38 <./figures/cornerPlots/OpenClusters/all-OBC-cornerPlot-contour.pdf>]
File: figures/cornerPlots/OpenClusters/obs-OBC-cornerPlot-contour.pdf Graphic f
ile (type pdf)
<use figures/cornerPlots/OpenClusters/obs-OBC-cornerPlot-contour.pdf>
Package pdftex.def Info: figures/cornerPlots/OpenClusters/obs-OBC-cornerPlot-co
ntour.pdf  used on input line 959.
(pdftex.def)             Requested size: 513.11743pt x 513.10591pt.

[39]
File: figures/cornerPlots/OpenClusters/rec-OBC-cornerPlot-contour.pdf Graphic f
ile (type pdf)
<use figures/cornerPlots/OpenClusters/rec-OBC-cornerPlot-contour.pdf>
Package pdftex.def Info: figures/cornerPlots/OpenClusters/rec-OBC-cornerPlot-co
ntour.pdf  used on input line 967.
(pdftex.def)             Requested size: 513.11743pt x 513.10591pt.
 [40]
<figures/cornerPlots/OpenClusters/all-OCN-cornerPlot-contour.pdf, id=4840, 1308
.08694pt x 1308.08694pt>
File: figures/cornerPlots/OpenClusters/all-OCN-cornerPlot-contour.pdf Graphic f
ile (type pdf)
<use figures/cornerPlots/OpenClusters/all-OCN-cornerPlot-contour.pdf>
Package pdftex.def Info: figures/cornerPlots/OpenClusters/all-OCN-cornerPlot-co
ntour.pdf  used on input line 977.
(pdftex.def)             Requested size: 513.11743pt x 513.10591pt.
 [41 <./figures/cornerPlots/OpenClusters/all-OCN-cornerPlot-contour.pdf>]
<figures/cornerPlots/OpenClusters/obs-OCN-cornerPlot-contour.pdf, id=5003, 1308
.08694pt x 1308.08694pt>
File: figures/cornerPlots/OpenClusters/obs-OCN-cornerPlot-contour.pdf Graphic f
ile (type pdf)
<use figures/cornerPlots/OpenClusters/obs-OCN-cornerPlot-contour.pdf>
Package pdftex.def Info: figures/cornerPlots/OpenClusters/obs-OCN-cornerPlot-co
ntour.pdf  used on input line 985.
(pdftex.def)             Requested size: 513.11743pt x 513.10591pt.
 [42 <./figures/cornerPlots/OpenClusters/obs-OCN-cornerPlot-contour.pdf>]
<figures/cornerPlots/OpenClusters/rec-OCN-cornerPlot-contour.pdf, id=5165, 1308
.08694pt x 1308.08694pt>
File: figures/cornerPlots/OpenClusters/rec-OCN-cornerPlot-contour.pdf Graphic f
ile (type pdf)
<use figures/cornerPlots/OpenClusters/rec-OCN-cornerPlot-contour.pdf>
Package pdftex.def Info: figures/cornerPlots/OpenClusters/rec-OCN-cornerPlot-co
ntour.pdf  used on input line 993.
(pdftex.def)             Requested size: 513.11743pt x 513.10591pt.

[43 <./figures/cornerPlots/OpenClusters/rec-OCN-cornerPlot-contour.pdf>]
<figures/cornerPlots/OpenClusters/all-OCC-cornerPlot-contour.pdf, id=5328, 1308
.08694pt x 1308.08694pt>
File: figures/cornerPlots/OpenClusters/all-OCC-cornerPlot-contour.pdf Graphic f
ile (type pdf)
<use figures/cornerPlots/OpenClusters/all-OCC-cornerPlot-contour.pdf>
Package pdftex.def Info: figures/cornerPlots/OpenClusters/all-OCC-cornerPlot-co
ntour.pdf  used on input line 1003.
(pdftex.def)             Requested size: 513.11743pt x 513.10591pt.

[44 <./figures/cornerPlots/OpenClusters/all-OCC-cornerPlot-contour.pdf>]
File: figures/cornerPlots/OpenClusters/obs-OCC-cornerPlot-contour.pdf Graphic f
ile (type pdf)
<use figures/cornerPlots/OpenClusters/obs-OCC-cornerPlot-contour.pdf>
Package pdftex.def Info: figures/cornerPlots/OpenClusters/obs-OCC-cornerPlot-co
ntour.pdf  used on input line 1011.
(pdftex.def)             Requested size: 513.11743pt x 513.10591pt.

[45]
File: figures/cornerPlots/OpenClusters/rec-OCC-cornerPlot-contour.pdf Graphic f
ile (type pdf)
<use figures/cornerPlots/OpenClusters/rec-OCC-cornerPlot-contour.pdf>
Package pdftex.def Info: figures/cornerPlots/OpenClusters/rec-OCC-cornerPlot-co
ntour.pdf  used on input line 1019.
(pdftex.def)             Requested size: 513.11743pt x 513.10591pt.
 [46]
<figures/cornerPlots/m10/all-M10BN-cornerPlot-contour.pdf, id=5500, 1308.08694p
t x 1308.08694pt>
File: figures/cornerPlots/m10/all-M10BN-cornerPlot-contour.pdf Graphic file (ty
pe pdf)
<use figures/cornerPlots/m10/all-M10BN-cornerPlot-contour.pdf>
Package pdftex.def Info: figures/cornerPlots/m10/all-M10BN-cornerPlot-contour.p
df  used on input line 1033.
(pdftex.def)             Requested size: 513.11743pt x 513.10591pt.
 [47 <./figures/cornerPlots/m10/all-M10BN-cornerPlot-contour.pdf>]
<figures/cornerPlots/m10/obs-M10BN-cornerPlot-contour.pdf, id=5661, 1308.08694p
t x 1308.08694pt>
File: figures/cornerPlots/m10/obs-M10BN-cornerPlot-contour.pdf Graphic file (ty
pe pdf)
<use figures/cornerPlots/m10/obs-M10BN-cornerPlot-contour.pdf>
Package pdftex.def Info: figures/cornerPlots/m10/obs-M10BN-cornerPlot-contour.p
df  used on input line 1041.
(pdftex.def)             Requested size: 513.11743pt x 513.10591pt.

[48 <./figures/cornerPlots/m10/obs-M10BN-cornerPlot-contour.pdf>]
<figures/cornerPlots/m10/rec-M10BN-cornerPlot-contour.pdf, id=5825, 1308.08694p
t x 1308.08694pt>
File: figures/cornerPlots/m10/rec-M10BN-cornerPlot-contour.pdf Graphic file (ty
pe pdf)
<use figures/cornerPlots/m10/rec-M10BN-cornerPlot-contour.pdf>
Package pdftex.def Info: figures/cornerPlots/m10/rec-M10BN-cornerPlot-contour.p
df  used on input line 1049.
(pdftex.def)             Requested size: 513.11743pt x 513.10591pt.
 [49 <./figures/cornerPlots/m10/rec-M10BN-cornerPlot-contour.pdf>]
<figures/cornerPlots/m10/all-M10BC-cornerPlot-contour.pdf, id=5988, 1308.08694p
t x 1308.08694pt>
File: figures/cornerPlots/m10/all-M10BC-cornerPlot-contour.pdf Graphic file (ty
pe pdf)
<use figures/cornerPlots/m10/all-M10BC-cornerPlot-contour.pdf>
Package pdftex.def Info: figures/cornerPlots/m10/all-M10BC-cornerPlot-contour.p
df  used on input line 1059.
(pdftex.def)             Requested size: 513.11743pt x 513.10591pt.
 [50 <./figures/cornerPlots/m10/all-M10BC-cornerPlot-contour.pdf>]
<figures/cornerPlots/m10/obs-M10BC-cornerPlot-contour.pdf, id=6151, 1308.08694p
t x 1308.08694pt>
File: figures/cornerPlots/m10/obs-M10BC-cornerPlot-contour.pdf Graphic file (ty
pe pdf)
<use figures/cornerPlots/m10/obs-M10BC-cornerPlot-contour.pdf>
Package pdftex.def Info: figures/cornerPlots/m10/obs-M10BC-cornerPlot-contour.p
df  used on input line 1067.
(pdftex.def)             Requested size: 513.11743pt x 513.10591pt.
 [51 <./figures/cornerPlots/m10/obs-M10BC-cornerPlot-contour.pdf>]
<figures/cornerPlots/m10/rec-M10BC-cornerPlot-contour.pdf, id=6315, 1308.08694p
t x 1308.08694pt>
File: figures/cornerPlots/m10/rec-M10BC-cornerPlot-contour.pdf Graphic file (ty
pe pdf)
<use figures/cornerPlots/m10/rec-M10BC-cornerPlot-contour.pdf>
Package pdftex.def Info: figures/cornerPlots/m10/rec-M10BC-cornerPlot-contour.p
df  used on input line 1075.
(pdftex.def)             Requested size: 513.11743pt x 513.10591pt.
 [52 <./figures/cornerPlots/m10/rec-M10BC-cornerPlot-contour.pdf>]
<figures/cornerPlots/m10/all-M10CN-cornerPlot-contour.pdf, id=6477, 1308.08694p
t x 1308.08694pt>
File: figures/cornerPlots/m10/all-M10CN-cornerPlot-contour.pdf Graphic file (ty
pe pdf)
<use figures/cornerPlots/m10/all-M10CN-cornerPlot-contour.pdf>
Package pdftex.def Info: figures/cornerPlots/m10/all-M10CN-cornerPlot-contour.p
df  used on input line 1085.
(pdftex.def)             Requested size: 513.11743pt x 513.10591pt.
<figures/cornerPlots/m10/obs-M10CN-cornerPlot-contour.pdf, id=6478, 1308.08694p
t x 1308.08694pt>
File: figures/cornerPlots/m10/obs-M10CN-cornerPlot-contour.pdf Graphic file (ty
pe pdf)
<use figures/cornerPlots/m10/obs-M10CN-cornerPlot-contour.pdf>
Package pdftex.def Info: figures/cornerPlots/m10/obs-M10CN-cornerPlot-contour.p
df  used on input line 1092.
(pdftex.def)             Requested size: 513.11743pt x 513.10591pt.
 [53 <./figures/cornerPlots/m10/all-M10CN-cornerPlot-contour.pdf>]
<figures/cornerPlots/m10/rec-M10CN-cornerPlot-contour.pdf, id=6639, 1308.08694p
t x 1308.08694pt>
File: figures/cornerPlots/m10/rec-M10CN-cornerPlot-contour.pdf Graphic file (ty
pe pdf)
<use figures/cornerPlots/m10/rec-M10CN-cornerPlot-contour.pdf>
Package pdftex.def Info: figures/cornerPlots/m10/rec-M10CN-cornerPlot-contour.p
df  used on input line 1099.
(pdftex.def)             Requested size: 513.11743pt x 513.10591pt.
[54 <./figures/cornerPlots/m10/obs-M10CN-cornerPlot-contour.pdf>]
<figures/cornerPlots/m10/all-M10CC-cornerPlot-contour.pdf, id=6803, 1308.08694p
t x 1308.08694pt>
File: figures/cornerPlots/m10/all-M10CC-cornerPlot-contour.pdf Graphic file (ty
pe pdf)
<use figures/cornerPlots/m10/all-M10CC-cornerPlot-contour.pdf>
Package pdftex.def Info: figures/cornerPlots/m10/all-M10CC-cornerPlot-contour.p
df  used on input line 1108.
(pdftex.def)             Requested size: 513.11743pt x 513.10591pt.
 [55 <./figures/cornerPlots/m10/rec-M10CN-cornerPlot-contour.pdf>]
<figures/cornerPlots/m10/obs-M10CC-cornerPlot-contour.pdf, id=6965, 1308.08694p
t x 1308.08694pt>
File: figures/cornerPlots/m10/obs-M10CC-cornerPlot-contour.pdf Graphic file (ty
pe pdf)
<use figures/cornerPlots/m10/obs-M10CC-cornerPlot-contour.pdf>
Package pdftex.def Info: figures/cornerPlots/m10/obs-M10CC-cornerPlot-contour.p
df  used on input line 1115.
(pdftex.def)             Requested size: 513.11743pt x 513.10591pt.
 [56 <./figures/cornerPlots/m10/all-M10CC-cornerPlot-contour.pdf>]
<figures/cornerPlots/m10/rec-M10CC-cornerPlot-contour.pdf, id=7125, 1308.08694p
t x 1308.08694pt>
File: figures/cornerPlots/m10/rec-M10CC-cornerPlot-contour.pdf Graphic file (ty
pe pdf)
<use figures/cornerPlots/m10/rec-M10CC-cornerPlot-contour.pdf>
Package pdftex.def Info: figures/cornerPlots/m10/rec-M10CC-cornerPlot-contour.p
df  used on input line 1122.
(pdftex.def)             Requested size: 513.11743pt x 513.10591pt.
 [57 <./figures/cornerPlots/m10/obs-M10CC-cornerPlot-contour.pdf>]
<figures/cornerPlots/m67/all-M67BN-cornerPlot-contour.pdf, id=7288, 1308.08694p
t x 1308.08694pt>
File: figures/cornerPlots/m67/all-M67BN-cornerPlot-contour.pdf Graphic file (ty
pe pdf)
<use figures/cornerPlots/m67/all-M67BN-cornerPlot-contour.pdf>
Package pdftex.def Info: figures/cornerPlots/m67/all-M67BN-cornerPlot-contour.p
df  used on input line 1135.
(pdftex.def)             Requested size: 513.11743pt x 513.10591pt.
 [58 <./figures/cornerPlots/m10/rec-M10CC-cornerPlot-contour.pdf>]
<figures/cornerPlots/m67/obs-M67BN-cornerPlot-contour.pdf, id=7450, 1308.08694p
t x 1308.08694pt>
File: figures/cornerPlots/m67/obs-M67BN-cornerPlot-contour.pdf Graphic file (ty
pe pdf)
<use figures/cornerPlots/m67/obs-M67BN-cornerPlot-contour.pdf>
Package pdftex.def Info: figures/cornerPlots/m67/obs-M67BN-cornerPlot-contour.p
df  used on input line 1142.
(pdftex.def)             Requested size: 513.11743pt x 513.10591pt.
 [59 <./figures/cornerPlots/m67/all-M67BN-cornerPlot-contour.pdf>]
<figures/cornerPlots/m67/rec-M67BN-cornerPlot-contour.pdf, id=7612, 1308.08694p
t x 1308.08694pt>
File: figures/cornerPlots/m67/rec-M67BN-cornerPlot-contour.pdf Graphic file (ty
pe pdf)
<use figures/cornerPlots/m67/rec-M67BN-cornerPlot-contour.pdf>
Package pdftex.def Info: figures/cornerPlots/m67/rec-M67BN-cornerPlot-contour.p
df  used on input line 1149.
(pdftex.def)             Requested size: 513.11743pt x 513.10591pt.
[60 <./figures/cornerPlots/m67/obs-M67BN-cornerPlot-contour.pdf>]
<figures/cornerPlots/m67/all-M67BC-cornerPlot-contour.pdf, id=7776, 1308.08694p
t x 1308.08694pt>
File: figures/cornerPlots/m67/all-M67BC-cornerPlot-contour.pdf Graphic file (ty
pe pdf)
<use figures/cornerPlots/m67/all-M67BC-cornerPlot-contour.pdf>
Package pdftex.def Info: figures/cornerPlots/m67/all-M67BC-cornerPlot-contour.p
df  used on input line 1158.
(pdftex.def)             Requested size: 513.11743pt x 513.10591pt.
 [61 <./figures/cornerPlots/m67/rec-M67BN-cornerPlot-contour.pdf>]
<figures/cornerPlots/m67/obs-M67BC-cornerPlot-contour.pdf, id=7940, 1308.08694p
t x 1308.08694pt>
File: figures/cornerPlots/m67/obs-M67BC-cornerPlot-contour.pdf Graphic file (ty
pe pdf)
<use figures/cornerPlots/m67/obs-M67BC-cornerPlot-contour.pdf>
Package pdftex.def Info: figures/cornerPlots/m67/obs-M67BC-cornerPlot-contour.p
df  used on input line 1165.
(pdftex.def)             Requested size: 513.11743pt x 513.10591pt.
 [62 <./figures/cornerPlots/m67/all-M67BC-cornerPlot-contour.pdf>]
<figures/cornerPlots/m67/rec-M67BC-cornerPlot-contour.pdf, id=8102, 1308.08694p
t x 1308.08694pt>
File: figures/cornerPlots/m67/rec-M67BC-cornerPlot-contour.pdf Graphic file (ty
pe pdf)
<use figures/cornerPlots/m67/rec-M67BC-cornerPlot-contour.pdf>
Package pdftex.def Info: figures/cornerPlots/m67/rec-M67BC-cornerPlot-contour.p
df  used on input line 1172.
(pdftex.def)             Requested size: 513.11743pt x 513.10591pt.
 [63 <./figures/cornerPlots/m67/obs-M67BC-cornerPlot-contour.pdf>]
<figures/cornerPlots/m67/all-M67CN-cornerPlot-contour.pdf, id=8266, 1308.08694p
t x 1308.08694pt>
File: figures/cornerPlots/m67/all-M67CN-cornerPlot-contour.pdf Graphic file (ty
pe pdf)
<use figures/cornerPlots/m67/all-M67CN-cornerPlot-contour.pdf>
Package pdftex.def Info: figures/cornerPlots/m67/all-M67CN-cornerPlot-contour.p
df  used on input line 1181.
(pdftex.def)             Requested size: 513.11743pt x 513.10591pt.
 [64 <./figures/cornerPlots/m67/rec-M67BC-cornerPlot-contour.pdf>]
<figures/cornerPlots/m67/obs-M67CN-cornerPlot-contour.pdf, id=8429, 1308.08694p
t x 1308.08694pt>
File: figures/cornerPlots/m67/obs-M67CN-cornerPlot-contour.pdf Graphic file (ty
pe pdf)
<use figures/cornerPlots/m67/obs-M67CN-cornerPlot-contour.pdf>
Package pdftex.def Info: figures/cornerPlots/m67/obs-M67CN-cornerPlot-contour.p
df  used on input line 1188.
(pdftex.def)             Requested size: 513.11743pt x 513.10591pt.
 [65 <./figures/cornerPlots/m67/all-M67CN-cornerPlot-contour.pdf>]
<figures/cornerPlots/m67/rec-M67CN-cornerPlot-contour.pdf, id=8591, 1308.08694p
t x 1308.08694pt>
File: figures/cornerPlots/m67/rec-M67CN-cornerPlot-contour.pdf Graphic file (ty
pe pdf)
<use figures/cornerPlots/m67/rec-M67CN-cornerPlot-contour.pdf>
Package pdftex.def Info: figures/cornerPlots/m67/rec-M67CN-cornerPlot-contour.p
df  used on input line 1195.
(pdftex.def)             Requested size: 513.11743pt x 513.10591pt.
[66 <./figures/cornerPlots/m67/obs-M67CN-cornerPlot-contour.pdf>]
<figures/cornerPlots/m67/all-M67CC-cornerPlot-contour.pdf, id=8755, 1308.08694p
t x 1308.08694pt>
File: figures/cornerPlots/m67/all-M67CC-cornerPlot-contour.pdf Graphic file (ty
pe pdf)
<use figures/cornerPlots/m67/all-M67CC-cornerPlot-contour.pdf>
Package pdftex.def Info: figures/cornerPlots/m67/all-M67CC-cornerPlot-contour.p
df  used on input line 1204.
(pdftex.def)             Requested size: 513.11743pt x 513.10591pt.
 [67 <./figures/cornerPlots/m67/rec-M67CN-cornerPlot-contour.pdf>]
<figures/cornerPlots/m67/obs-M67CC-cornerPlot-contour.pdf, id=8919, 1308.08694p
t x 1308.08694pt>
File: figures/cornerPlots/m67/obs-M67CC-cornerPlot-contour.pdf Graphic file (ty
pe pdf)
<use figures/cornerPlots/m67/obs-M67CC-cornerPlot-contour.pdf>
Package pdftex.def Info: figures/cornerPlots/m67/obs-M67CC-cornerPlot-contour.p
df  used on input line 1211.
(pdftex.def)             Requested size: 513.11743pt x 513.10591pt.
 [68 <./figures/cornerPlots/m67/all-M67CC-cornerPlot-contour.pdf>]
<figures/cornerPlots/m67/rec-M67CC-cornerPlot-contour.pdf, id=9081, 1308.08694p
t x 1308.08694pt>
File: figures/cornerPlots/m67/rec-M67CC-cornerPlot-contour.pdf Graphic file (ty
pe pdf)
<use figures/cornerPlots/m67/rec-M67CC-cornerPlot-contour.pdf>
Package pdftex.def Info: figures/cornerPlots/m67/rec-M67CC-cornerPlot-contour.p
df  used on input line 1218.
(pdftex.def)             Requested size: 513.11743pt x 513.10591pt.
 [69 <./figures/cornerPlots/m67/obs-M67CC-cornerPlot-contour.pdf>] [70 <./figur
es/cornerPlots/m67/rec-M67CC-cornerPlot-contour.pdf>]
Package atveryend Info: Empty hook `AfterLastShipout' on input line 1223.
 (./main.aux)
Package atveryend Info: Executing hook `AtVeryEndDocument' on input line 1223.
Package atveryend Info: Executing hook `AtEndAfterFileList' on input line 1223.

Package rerunfilecheck Info: File `main.out' has not changed.
(rerunfilecheck)             Checksum: B4810728BEA05DD8C10D77977C720666;1111.


LaTeX Warning: There were multiply-defined labels.

 ) 
Here is how much of TeX's memory you used:
 10302 strings out of 480608
 171838 string characters out of 5903631
 482568 words of memory out of 5000000
 25758 multiletter control sequences out of 15000+600000
 543954 words of font info for 70 fonts, out of 8000000 for 9000
 1141 hyphenation exceptions out of 8191
 42i,10n,41p,1908b,409s stack positions out of 5000i,500n,10000p,200000b,80000s
{/usr/local/texlive/2020/texmf-dist/fonts/enc/dvips/cm-super/cm-super-ts1.enc
}</usr/local/texlive/2020/texmf-dist/fonts/type1/public/amsfonts/cm/cmbx10.pfb>
</usr/local/texlive/2020/texmf-dist/fonts/type1/public/amsfonts/cm/cmbx8.pfb></
usr/local/texlive/2020/texmf-dist/fonts/type1/public/amsfonts/cm/cmbx9.pfb></us
r/local/texlive/2020/texmf-dist/fonts/type1/public/amsfonts/cm/cmbxti10.pfb></u
sr/local/texlive/2020/texmf-dist/fonts/type1/public/amsfonts/cm/cmcsc10.pfb></u
sr/local/texlive/2020/texmf-dist/fonts/type1/public/amsfonts/cm/cmex10.pfb></us
r/local/texlive/2020/texmf-dist/fonts/type1/public/amsfonts/cm/cmmi10.pfb></usr
/local/texlive/2020/texmf-dist/fonts/type1/public/amsfonts/cm/cmmi6.pfb></usr/l
ocal/texlive/2020/texmf-dist/fonts/type1/public/amsfonts/cm/cmmi7.pfb></usr/loc
al/texlive/2020/texmf-dist/fonts/type1/public/amsfonts/cm/cmmi8.pfb></usr/local
/texlive/2020/texmf-dist/fonts/type1/public/amsfonts/cm/cmmi9.pfb></usr/local/t
exlive/2020/texmf-dist/fonts/type1/public/amsfonts/cm/cmr10.pfb></usr/local/tex
live/2020/texmf-dist/fonts/type1/public/amsfonts/cm/cmr6.pfb></usr/local/texliv
e/2020/texmf-dist/fonts/type1/public/amsfonts/cm/cmr7.pfb></usr/local/texlive/2
020/texmf-dist/fonts/type1/public/amsfonts/cm/cmr8.pfb></usr/local/texlive/2020
/texmf-dist/fonts/type1/public/amsfonts/cm/cmr9.pfb></usr/local/texlive/2020/te
xmf-dist/fonts/type1/public/amsfonts/cm/cmsy10.pfb></usr/local/texlive/2020/tex
mf-dist/fonts/type1/public/amsfonts/cm/cmsy6.pfb></usr/local/texlive/2020/texmf
-dist/fonts/type1/public/amsfonts/cm/cmsy7.pfb></usr/local/texlive/2020/texmf-d
ist/fonts/type1/public/amsfonts/cm/cmsy9.pfb></usr/local/texlive/2020/texmf-dis
t/fonts/type1/public/amsfonts/cm/cmti10.pfb></usr/local/texlive/2020/texmf-dist
/fonts/type1/public/amsfonts/cm/cmti8.pfb></usr/local/texlive/2020/texmf-dist/f
onts/type1/public/amsfonts/cm/cmti9.pfb></usr/local/texlive/2020/texmf-dist/fon
ts/type1/public/amsfonts/cm/cmtt10.pfb></usr/local/texlive/2020/texmf-dist/font
s/type1/public/cm-super/sfrm1000.pfb>
Output written on main.pdf (70 pages, 19466578 bytes).
PDF statistics:
 9527 PDF objects out of 10688 (max. 8388607)
 4095 compressed objects within 41 object streams
 188 named destinations out of 1000 (max. 500000)
 585 words of extra memory for PDF output out of 10000 (max. 10000000)

